#-----------------------------------------------------------
# Vivado v2018.3 (64-bit)
# SW Build 2405991 on Thu Dec  6 23:38:27 MST 2018
# IP Build 2404404 on Fri Dec  7 01:43:56 MST 2018
# Start of session at: Mon Jul 20 15:07:02 2020
# Process ID: 12824
# Current directory: G:/SoC/Projects/CortexM3_soc/Vivado/CortexM3_SoC200T
# Command line: vivado.exe -gui_launcher_event rodinguilauncherevent5936 G:\SoC\Projects\CortexM3_soc\Vivado\CortexM3_SoC200T\CortexM3_SoC200T.xpr
# Log file: G:/SoC/Projects/CortexM3_soc/Vivado/CortexM3_SoC200T/vivado.log
# Journal file: G:/SoC/Projects/CortexM3_soc/Vivado/CortexM3_SoC200T\vivado.jou
#-----------------------------------------------------------
start_gui
open_project G:/SoC/Projects/CortexM3_soc/Vivado/CortexM3_SoC200T/CortexM3_SoC200T.xpr
Scanning sources...
Finished scanning sources
INFO: [IP_Flow 19-234] Refreshing IP repositories
INFO: [IP_Flow 19-1704] No user IP repositories specified
INFO: [IP_Flow 19-2313] Loaded Vivado IP repository 'D:/Xilinx/Vivado/2018.3/data/ip'.
open_project: Time (s): cpu = 00:00:26 ; elapsed = 00:00:43 . Memory (MB): peak = 880.980 ; gain = 300.242
launch_runs impl_1 -to_step write_bitstream -jobs 4
[Mon Jul 20 15:08:36 2020] Launched synth_1...
Run output will be captured here: G:/SoC/Projects/CortexM3_soc/Vivado/CortexM3_SoC200T/CortexM3_SoC200T.runs/synth_1/runme.log
[Mon Jul 20 15:08:37 2020] Launched impl_1...
Run output will be captured here: G:/SoC/Projects/CortexM3_soc/Vivado/CortexM3_SoC200T/CortexM3_SoC200T.runs/impl_1/runme.log
reset_run synth_1
WARNING: [Vivado 12-1017] Problems encountered:
1. PID not specified

reset_project
reset_project: Time (s): cpu = 00:00:04 ; elapsed = 00:00:05 . Memory (MB): peak = 1516.070 ; gain = 0.000
launch_runs synth_1 -jobs 4
INFO: [IP_Flow 19-1686] Generating 'Synthesis' target for IP 'exp'...
INFO: [IP_Flow 19-1686] Generating 'Synthesis' target for IP 'ila_camera'...
WARNING: [IP_Flow 19-4994] Overwriting existing constraint file 'g:/SoC/Projects/CortexM3_soc/Vivado/CortexM3_SoC200T/CortexM3_SoC200T.srcs/sources_1/ip/ila_camera/ila_camera_ooc.xdc'
INFO: [IP_Flow 19-1686] Generating 'Implementation' target for IP 'ila_camera'...
INFO: [IP_Flow 19-1686] Generating 'Synthesis' target for IP 'RAM_15bit_32'...
INFO: [IP_Flow 19-1686] Generating 'Synthesis' target for IP 'multi_16bit_p1'...
INFO: [IP_Flow 19-1686] Generating 'Synthesis' target for IP 'RAM_14bit_32'...
INFO: [IP_Flow 19-1686] Generating 'Synthesis' target for IP 'MMCM'...
INFO: [IP_Flow 19-1686] Generating 'Implementation' target for IP 'MMCM'...
INFO: [IP_Flow 19-1686] Generating 'Synthesis' target for IP 'adder_16bit'...
INFO: [IP_Flow 19-1686] Generating 'Synthesis' target for IP 'RAM_81bit_32'...
INFO: [IP_Flow 19-1686] Generating 'Synthesis' target for IP 'adder_32bit'...
INFO: [IP_Flow 19-1686] Generating 'Synthesis' target for IP 'RAM_16bit_1225'...
INFO: [IP_Flow 19-1686] Generating 'Synthesis' target for IP 'multi_0point2'...
INFO: [IP_Flow 19-1686] Generating 'Synthesis' target for IP 'AHB_to_AXI'...
INFO: [IP_Flow 19-1686] Generating 'Synthesis' target for IP 'ROM_16bit_1368'...
INFO: [IP_Flow 19-1686] Generating 'Synthesis' target for IP 'FIFO'...
INFO: [IP_Flow 19-1686] Generating 'Synthesis' target for IP 'RAM_16bit_16'...
INFO: [IP_Flow 19-1686] Generating 'Synthesis' target for IP 'subtracter_16bit'...
INFO: [IP_Flow 19-1686] Generating 'Synthesis' target for IP 'multi_16bit'...
INFO: [IP_Flow 19-1686] Generating 'Synthesis' target for IP 'MIG'...
INFO: [IP_Flow 19-1686] Generating 'Implementation' target for IP 'MIG'...
INFO: [IP_Flow 19-1686] Generating 'Synthesis' target for IP 'ROM_32bit_11952'...
INFO: [IP_Flow 19-1686] Generating 'Synthesis' target for IP 'PLL'...
INFO: [IP_Flow 19-1686] Generating 'Implementation' target for IP 'PLL'...
[Mon Jul 20 15:55:51 2020] Launched exp_synth_1, ila_camera_synth_1, RAM_15bit_32_synth_1, multi_16bit_p1_synth_1, RAM_14bit_32_synth_1, MMCM_synth_1, adder_16bit_synth_1, RAM_81bit_32_synth_1, adder_32bit_synth_1, RAM_16bit_1225_synth_1, multi_0point2_synth_1, AHB_to_AXI_synth_1, ROM_16bit_1368_synth_1, FIFO_synth_1, RAM_16bit_16_synth_1, subtracter_16bit_synth_1, multi_16bit_synth_1, MIG_synth_1, ROM_32bit_11952_synth_1, PLL_synth_1...
Run output will be captured here:
exp_synth_1: G:/SoC/Projects/CortexM3_soc/Vivado/CortexM3_SoC200T/CortexM3_SoC200T.runs/exp_synth_1/runme.log
ila_camera_synth_1: G:/SoC/Projects/CortexM3_soc/Vivado/CortexM3_SoC200T/CortexM3_SoC200T.runs/ila_camera_synth_1/runme.log
RAM_15bit_32_synth_1: G:/SoC/Projects/CortexM3_soc/Vivado/CortexM3_SoC200T/CortexM3_SoC200T.runs/RAM_15bit_32_synth_1/runme.log
multi_16bit_p1_synth_1: G:/SoC/Projects/CortexM3_soc/Vivado/CortexM3_SoC200T/CortexM3_SoC200T.runs/multi_16bit_p1_synth_1/runme.log
RAM_14bit_32_synth_1: G:/SoC/Projects/CortexM3_soc/Vivado/CortexM3_SoC200T/CortexM3_SoC200T.runs/RAM_14bit_32_synth_1/runme.log
MMCM_synth_1: G:/SoC/Projects/CortexM3_soc/Vivado/CortexM3_SoC200T/CortexM3_SoC200T.runs/MMCM_synth_1/runme.log
adder_16bit_synth_1: G:/SoC/Projects/CortexM3_soc/Vivado/CortexM3_SoC200T/CortexM3_SoC200T.runs/adder_16bit_synth_1/runme.log
RAM_81bit_32_synth_1: G:/SoC/Projects/CortexM3_soc/Vivado/CortexM3_SoC200T/CortexM3_SoC200T.runs/RAM_81bit_32_synth_1/runme.log
adder_32bit_synth_1: G:/SoC/Projects/CortexM3_soc/Vivado/CortexM3_SoC200T/CortexM3_SoC200T.runs/adder_32bit_synth_1/runme.log
RAM_16bit_1225_synth_1: G:/SoC/Projects/CortexM3_soc/Vivado/CortexM3_SoC200T/CortexM3_SoC200T.runs/RAM_16bit_1225_synth_1/runme.log
multi_0point2_synth_1: G:/SoC/Projects/CortexM3_soc/Vivado/CortexM3_SoC200T/CortexM3_SoC200T.runs/multi_0point2_synth_1/runme.log
AHB_to_AXI_synth_1: G:/SoC/Projects/CortexM3_soc/Vivado/CortexM3_SoC200T/CortexM3_SoC200T.runs/AHB_to_AXI_synth_1/runme.log
ROM_16bit_1368_synth_1: G:/SoC/Projects/CortexM3_soc/Vivado/CortexM3_SoC200T/CortexM3_SoC200T.runs/ROM_16bit_1368_synth_1/runme.log
FIFO_synth_1: G:/SoC/Projects/CortexM3_soc/Vivado/CortexM3_SoC200T/CortexM3_SoC200T.runs/FIFO_synth_1/runme.log
RAM_16bit_16_synth_1: G:/SoC/Projects/CortexM3_soc/Vivado/CortexM3_SoC200T/CortexM3_SoC200T.runs/RAM_16bit_16_synth_1/runme.log
subtracter_16bit_synth_1: G:/SoC/Projects/CortexM3_soc/Vivado/CortexM3_SoC200T/CortexM3_SoC200T.runs/subtracter_16bit_synth_1/runme.log
multi_16bit_synth_1: G:/SoC/Projects/CortexM3_soc/Vivado/CortexM3_SoC200T/CortexM3_SoC200T.runs/multi_16bit_synth_1/runme.log
MIG_synth_1: G:/SoC/Projects/CortexM3_soc/Vivado/CortexM3_SoC200T/CortexM3_SoC200T.runs/MIG_synth_1/runme.log
ROM_32bit_11952_synth_1: G:/SoC/Projects/CortexM3_soc/Vivado/CortexM3_SoC200T/CortexM3_SoC200T.runs/ROM_32bit_11952_synth_1/runme.log
PLL_synth_1: G:/SoC/Projects/CortexM3_soc/Vivado/CortexM3_SoC200T/CortexM3_SoC200T.runs/PLL_synth_1/runme.log
[Mon Jul 20 15:55:54 2020] Launched synth_1...
Run output will be captured here: G:/SoC/Projects/CortexM3_soc/Vivado/CortexM3_SoC200T/CortexM3_SoC200T.runs/synth_1/runme.log
launch_runs: Time (s): cpu = 00:00:44 ; elapsed = 00:01:00 . Memory (MB): peak = 1516.070 ; gain = 0.000
