#-----------------------------------------------------------
# Vivado v2018.3 (64-bit)
# SW Build 2405991 on Thu Dec  6 23:38:27 MST 2018
# IP Build 2404404 on Fri Dec  7 01:43:56 MST 2018
# Start of session at: Fri Jul 17 14:28:41 2020
# Process ID: 13436
# Current directory: G:/SoC/Projects/CortexM3_soc/Vivado/CortexM3_SoC200T
# Command line: vivado.exe -gui_launcher_event rodinguilauncherevent33440 G:\SoC\Projects\CortexM3_soc\Vivado\CortexM3_SoC200T\CortexM3_SoC200T.xpr
# Log file: G:/SoC/Projects/CortexM3_soc/Vivado/CortexM3_SoC200T/vivado.log
# Journal file: G:/SoC/Projects/CortexM3_soc/Vivado/CortexM3_SoC200T\vivado.jou
#-----------------------------------------------------------
start_gui
open_project G:/SoC/Projects/CortexM3_soc/Vivado/CortexM3_SoC200T/CortexM3_SoC200T.xpr
Scanning sources...
Finished scanning sources
INFO: [IP_Flow 19-234] Refreshing IP repositories
INFO: [IP_Flow 19-1704] No user IP repositories specified
INFO: [IP_Flow 19-2313] Loaded Vivado IP repository 'D:/Xilinx/Vivado/2018.3/data/ip'.
open_project: Time (s): cpu = 00:00:26 ; elapsed = 00:00:48 . Memory (MB): peak = 886.254 ; gain = 302.055
reset_run synth_1
WARNING: [Vivado 12-1017] Problems encountered:
1. PID not specified

launch_runs impl_1 -to_step write_bitstream -jobs 4
[Fri Jul 17 14:30:59 2020] Launched synth_1...
Run output will be captured here: G:/SoC/Projects/CortexM3_soc/Vivado/CortexM3_SoC200T/CortexM3_SoC200T.runs/synth_1/runme.log
[Fri Jul 17 14:30:59 2020] Launched impl_1...
Run output will be captured here: G:/SoC/Projects/CortexM3_soc/Vivado/CortexM3_SoC200T/CortexM3_SoC200T.runs/impl_1/runme.log
reset_run impl_1
reset_run synth_1
WARNING: [Vivado 12-1017] Problems encountered:
1. PID not specified

exit
INFO: [Common 17-206] Exiting Vivado at Fri Jul 17 15:25:53 2020...
