#-----------------------------------------------------------
# Vivado v2019.2 (64-bit)
# SW Build 2708876 on Wed Nov  6 21:40:23 MST 2019
# IP Build 2700528 on Thu Nov  7 00:09:20 MST 2019
# Start of session at: Fri Dec  3 16:06:31 2021
# Process ID: 5096
# Current directory: G:/SoC/Projects/CortexM3_soc/Vivado/CortexM3_SoC200T
# Command line: vivado.exe -gui_launcher_event rodinguilauncherevent21628 G:\SoC\Projects\CortexM3_soc\Vivado\CortexM3_SoC200T\CortexM3_SoC200T.xpr
# Log file: G:/SoC/Projects/CortexM3_soc/Vivado/CortexM3_SoC200T/vivado.log
# Journal file: G:/SoC/Projects/CortexM3_soc/Vivado/CortexM3_SoC200T\vivado.jou
#-----------------------------------------------------------
start_gui
open_project G:/SoC/Projects/CortexM3_soc/Vivado/CortexM3_SoC200T/CortexM3_SoC200T.xpr
Scanning sources...
Finished scanning sources
INFO: [IP_Flow 19-234] Refreshing IP repositories
INFO: [IP_Flow 19-1704] No user IP repositories specified
IINFO: [IP_Flow 19-2313] Loaded Vivado IP repository 'D:/Xilinx/VINFO: [IP_Flow 19-2313] Loaded VivadWARNING: [IP_Flow 19-3664] IP 'PLL' generated file not found 'g:/SoC/Projects/CortexM3_soc/Rtl/Top/IP/PLL/PLL.dcp'. Please regenerate to continue.
WARNING: [IP_Flow 19-3664] IP 'PLL' generated file not found 'g:/SoC/Projects/CortexM3_soc/Rtl/Top/IP/PLL/PLL_stub.v'. Please regenerate to continue.
WARNING: [IP_Flow 19-3664] IP 'PLL' generated file not found 'g:/SoC/Projects/CortexM3_soc/Rtl/Top/IP/PLL/PLL_stub.vhdl'. Please regenerate to continue.
WARNING: [IP_Flow 19-3664] IP 'PLL' generated file not found 'g:/SoC/Projects/CortexM3_soc/Rtl/Top/IP/PLL/PLL_sim_netlist.v'. Please regenerate to continue.
WARNING: [IP_Flow 19-3664] IP 'PLL' generated file not found 'g:/SoC/Projects/CortexM3_soc/Rtl/Top/IP/PLL/PLL_sim_netlist.vhdl'. Please regenerate to continue.
WARNING: [IP_Flow 19-3664] IP 'FIFO' generated file not found 'gWARNING: [IP_Flow 19-3664] IP 'FIFO' generated file not found 'g:/SoC/Projects/CortexM3_soc/Rtl/PeWARNING: [IP_Flow 19-3664] IP 'FIFO' generated file not found 'gWARNING: [IP_Flow 19-3664] IP 'FIFO' generated file not found 'g:/SoC/Projects/CortexM3_soc/Rtl/PeripWARNING: [IP_Flow 19-3664] IP 'FIFO' generated file not found 'gWARNING: [IP_Flow 19-3664] IP 'FIFO' generated file not found 'g:/SoC/Projects/CortexM3_soc/Rtl/PeripherWARNING: [IP_Flow 19-3664] IP 'FIFO' generated file not found 'gWARNING: [IP_Flow 19-3664] IP 'FIFO' generated file not found 'g:/SoC/Projects/CortexM3_soc/Rtl/Peripherals/WARNING: [IP_Flow 19-3664] IP 'FIFO' generated file not found 'gWARNING: [IP_Flow 19-3664] IP 'FIFO' generated file not found 'g:/SoC/Projects/CortexM3_soc/Rtl/Peripherals/DDRWARNING: [IP_Flow 19-3664] IP 'MIG' generated file not found 'g:/SoC/Projects/CortexM3_soc/Rtl/Peripherals/DDR/ip/MIG/MIG.dcp'. Please regenerate to continue.
WARNING: [IP_Flow 19-3664] IP 'MIG' generated file not found 'g:/SoC/Projects/CortexM3_soc/Rtl/Peripherals/DDR/ip/MIG/MIG_stub.v'. Please regenerate to continue.
WARNING: [IP_Flow 19-3664] IP 'MIG' generated file not found 'g:/SoC/Projects/CortexM3_soc/Rtl/Peripherals/DDR/ip/MIG/MIG_stub.vhdl'. Please regenerate to continue.
WARNING: [IP_Flow 19-3664] IP 'MIG' generated file not found 'g:/SoC/Projects/CortexM3_soc/Rtl/Peripherals/DDR/ip/MIG/MIG_sim_netlist.v'. Please regenerate to continue.
WARNING: [IP_Flow 19-3664] IP 'MIG' generated file not found 'g:/SoC/Projects/CortexM3_soc/Rtl/Peripherals/DDR/ip/MIG/MIG_sim_netlist.vhdl'. Please regenerate to continue.
WARNING: [IP_Flow 19-3664] IP 'multi_16bit_p1' generated file not found 'g:/SoC/Projects/CortexM3_soc/Rtl/Peripherals/ACC/IP/multi_16bit_p1_1/multi_16bit_p1.dcp'. Please regenerate to continue.
WARNING: [IP_Flow 19-3664] IP 'multi_16bit_p1' generated file not found 'g:/SoC/Projects/CortexM3_soc/Rtl/Peripherals/ACC/IP/multi_16bit_p1_1/multi_16bit_p1_stub.v'. Please regenerate to continue.
WARNING: [IP_Flow 19-3664] IP 'multi_16bit_p1' generated file not found 'g:/SoC/Projects/CortexM3_soc/Rtl/Peripherals/ACC/IP/multi_16bit_p1_1/multi_16bit_p1_stub.vhdl'. Please regenerate to continue.
WARNING: [IP_Flow 19-3664] IP 'multi_16bit_p1' generated file not found 'g:/SoC/Projects/CortexM3_soc/Rtl/Peripherals/ACC/IP/multi_16bit_p1_1/multi_16bit_p1_sim_netlist.v'. Please regenerate to continue.
WARNING: [IP_Flow 19-3664] IP 'multi_16bit_p1' generated file not found 'g:/SoC/Projects/CortexM3_soc/Rtl/Peripherals/ACC/IP/multi_16bit_p1_1/multi_16bit_p1_sim_netlist.vhdl'. Please regenerate to continue.
WARNING: [IP_Flow 19-3664] IP 'RAM_14bit_32' generated file not found 'g:/SoC/Projects/CortexM3_soc/Rtl/Peripherals/ACC/IP/RAM_14bit_32_1/RAM_14bit_32.dcp'. Please regenerate to continue.
WARNING: [IP_Flow 19-3664] IP 'RAM_14bit_32' generated file not found 'g:/SoC/Projects/CortexM3_soc/Rtl/Peripherals/ACC/IP/RAM_14bit_32_1/RAM_14bit_32_stub.v'. Please regenerate to continue.
WARNING: [IP_Flow 19-3664] IP 'RAM_14bit_32' generated file not found 'g:/SoC/Projects/CortexM3_soc/Rtl/Peripherals/ACC/IP/RAM_14bit_32_1/RAM_14bit_32_stub.vhdl'. Please regenerate to continue.
WARNING: [IP_Flow 19-3664] IP 'RAM_14bit_32' generated file not found 'g:/SoC/Projects/CortexM3_soc/Rtl/Peripherals/ACC/IP/RAM_14bit_32_1/RAM_14bit_32_sim_netlist.v'. Please regenerate to continue.
WARNING: [IP_Flow 19-3664] IP 'RAM_14bit_32' generated file not found 'g:/SoC/Projects/CortexM3_soc/Rtl/Peripherals/ACC/IP/RAM_14bit_32_1/RAM_14bit_32_sim_netlist.vhdl'. Please regenerate to continue.
WARNING: [IP_Flow 19-3664] IP 'adder_16bit' generated file not found 'g:/SoC/Projects/CortexM3_soc/Rtl/Peripherals/ACC/IP/adder_16bit_1/adder_16bit.dcp'. Please regenerate to continue.
WARNING: [IP_Flow 19-3664] IP 'adder_16bit' generated file not found 'g:/SoC/Projects/CortexM3_soc/Rtl/Peripherals/ACC/IP/adder_16bit_1/adder_16bit_stub.v'. Please regenerate to continue.
WARNING: [IP_Flow 19-3664] IP 'adder_16bit' generated file not found 'g:/SoC/Projects/CortexM3_soc/Rtl/Peripherals/ACC/IP/adder_16bit_1/adder_16bit_stub.vhdl'. Please regenerate to continue.
WARNING: [IP_Flow 19-3664] IP 'adder_16bit' generated file not found 'g:/SoC/Projects/CortexM3_soc/Rtl/Peripherals/ACC/IP/adder_16bit_1/adder_16bit_sim_netlist.v'. Please regenerate to continue.
WARNING: [IP_Flow 19-3664] IP 'adder_16bit' generated file not found 'g:/SoC/Projects/CortexM3_soc/Rtl/Peripherals/ACC/IP/adder_16bit_1/adder_16bit_sim_netlist.vhdl'. Please regenerate to continue.
WARNING: [IP_Flow 19-3664] IP 'RAM_81bit_32' generated file not found 'g:/SoC/Projects/CortexM3_soc/Rtl/Peripherals/ACC/IP/RAM_81bit_32/RAM_81bit_32.dcp'. Please regenerate to continue.
WARNING: [IP_Flow 19-3664] IP 'RAM_81bit_32' generated file not found 'g:/SoC/Projects/CortexM3_soc/Rtl/Peripherals/ACC/IP/RAM_81bit_32/RAM_81bit_32_stub.v'. Please regenerate to continue.
WARNING: [IP_Flow 19-3664] IP 'RAM_81bit_32' generated file not found 'g:/SoC/Projects/CortexM3_soc/Rtl/Peripherals/ACC/IP/RAM_81bit_32/RAM_81bit_32_stub.vhdl'. Please regenerate to continue.
WARNING: [IP_Flow 19-3664] IP 'RAM_81bit_32' generated file not found 'g:/SoC/Projects/CortexM3_soc/Rtl/Peripherals/ACC/IP/RAM_81bit_32/RAM_81bit_32_sim_netlist.v'. Please regenerate to continue.
WARNING: [IP_Flow 19-3664] IP 'RAM_81bit_32' generated file not found 'g:/SoC/Projects/CortexM3_soc/Rtl/Peripherals/ACC/IP/RAM_81bit_32/RAM_81bit_32_sim_netlist.vhdl'. Please regenerate to continue.
WARNING: [IP_Flow 19-3664] IP 'MMCM' generated file not found 'gWARNING: [IP_Flow 19-3664] IP 'MMCM' generated file not found 'g:/SoC/Projects/CortexM3_soc/Rtl/PeWARNING: [IP_Flow 19-3664] IP 'MMCM' generated file not found 'gWARNING: [IP_Flow 19-3664] IP 'MMCM' generated file not found 'g:/SoC/Projects/CortexM3_soc/Rtl/PeripWARNING: [IP_Flow 19-3664] IP 'MMCM' generated file not found 'gWARNING: [IP_Flow 19-3664] IP 'MMCM' generated file not found 'g:/SoC/Projects/CortexM3_soc/Rtl/PeripherWARNING: [IP_Flow 19-3664] IP 'MMCM' generated file not found 'gWARNING: [IP_Flow 19-3664] IP 'MMCM' generated file not found 'g:/SoC/Projects/CortexM3_soc/Rtl/Peripherals/WARNING: [IP_Flow 19-3664] IP 'MMCM' generated file not found 'gWARNING: [IP_Flow 19-3664] IP 'MMCM' generated file not found 'g:/SoC/Projects/CortexM3_soc/Rtl/Peripherals/DDRWARNING: [IP_Flow 19-3664] IP 'adder_32bit' generated file not fWARNING: [IP_Flow 19-3664] IP 'adder_32bit' generated file not found 'g:/SoC/Projects/CortexM3_soc/Rtl/Peripherals/ACC/WARNING: [IP_Flow 19-3664] IP 'adder_32bit' generated file not fWARNING: [IP_Flow 19-3664] IP 'adder_32bit' generated file not found 'g:/SoC/Projects/CortexM3_soc/Rtl/Peripherals/ACC/IP/WARNING: [IP_Flow 19-3664] IP 'adder_32bit' generated file not found 'g:/SoC/Projects/CortexM3_soc/Rtl/Peripherals/ACC/IP/adder_32bit/adder_32bit_stub.vhdl'. Please regenerate to continue.
WARNING: [IP_Flow 19-3664] IP 'adder_32bit' generated file not found 'g:/SoC/Projects/CortexM3_soc/Rtl/Peripherals/ACC/IP/adder_32bit/adder_32bit_sim_netlist.v'. Please regenerate to continue.
WARNING: [IP_Flow 19-3664] IP 'adder_32bit' generated file not found 'g:/SoC/Projects/CortexM3_soc/Rtl/Peripherals/ACC/IP/adder_32bit/adder_32bit_sim_netlist.vhdl'. Please regenerate to continue.
WARNING: [IP_Flow 19-3664] IP 'ROM_32bit_11952' generated file not found 'g:/SoC/Projects/CortexM3_soc/Rtl/Peripherals/ACC/IP/ROM_32bit_11952_1/ROM_32bit_11952.dcp'. Please regenerate to continue.
WARNING: [IP_Flow 19-3664] IP 'ROM_32bit_11952' generated file nWARNING: [IP_Flow 19-3664] IP 'ROM_32bit_11952' generated file not found 'g:/SoC/Projects/CortexM3_soc/Rtl/Peripherals/ACC/IP/ROM_32bit_WARNING: [IP_Flow 19-3664] IP 'ROM_32bit_11952' generated file nWARNING: [IP_Flow 19-3664] IP 'ROM_32bit_11952' generated file not found 'g:/SoC/Projects/CortexM3_soc/Rtl/Peripherals/ACC/IP/ROM_32bit_119WARNING: [IP_Flow 19-3664] IP 'ROM_32bit_11952' generated file nWARNING: [IP_Flow 19-3664] IP 'ROM_32bit_11952' generated file not found 'g:/SoC/Projects/CortexM3_soc/Rtl/Peripherals/ACC/IP/ROM_32bit_11952_1WARNING: [IP_Flow 19-3664] IP 'ROM_32bit_11952' generated file nWARNING: [IP_Flow 19-3664] IP 'ROM_32bit_11952' generated file not found 'g:/SoC/Projects/CortexM3_soc/Rtl/Peripherals/ACC/IP/ROM_32bit_11952_1/ROWARNING: [IP_Flow 19-3664] IP 'ROM_9bit_260' generated file not WARNING: [IP_Flow 19-3664] IP 'ROM_9bit_260' generated file not found 'g:/SoC/Projects/CortexM3_soc/Rtl/Peripherals/ResizerWARNING: [IP_Flow 19-3664] IP 'ROM_9bit_260' generated file not WARNING: [IP_Flow 19-3664] IP 'ROM_9bit_260' generated file not found 'g:/SoC/Projects/CortexM3_soc/Rtl/Peripherals/Resizer/ROWARNING: [IP_Flow 19-3664] IP 'ROM_9bit_260' generated file not WARNING: [IP_Flow 19-3664] IP 'ROM_9bit_260' generated file not found 'g:/SoC/Projects/CortexM3_soc/Rtl/Peripherals/Resizer/ROM_9WARNING: [IP_Flow 19-3664] IP 'ROM_9bit_260' generated file not WARNING: [IP_Flow 19-3664] IP 'ROM_9bit_260' generated file not found 'g:/SoC/Projects/CortexM3_soc/Rtl/Peripherals/Resizer/ROM_9bit_WARNING: [IP_Flow 19-3664] IP 'ROM_9bit_260' generated file not WARNING: [IP_Flow 19-3664] IP 'ROM_9bit_260' generated file not found 'g:/SoC/Projects/CortexM3_soc/Rtl/Peripherals/Resizer/ROM_9bit_260WARNING: [IP_Flow 19-3664] IP 'VROM' generated file not found 'gWARNING: [IP_Flow 19-3664] IP 'VROM' generated file not found 'g:/SoC/Projects/CortexM3_soc/Rtl/PerWARNING: [IP_Flow 19-3664] IP 'VROM' generated file not found 'gWARNING: [IP_Flow 19-3664] IP 'VROM' generated file not found 'g:/SoC/Projects/CortexM3_soc/Rtl/PeriphWARNING: [IP_Flow 19-3664] IP 'VROM' generated file not found 'gWARNING: [IP_Flow 19-3664] IP 'VROM' generated file not found 'g:/SoC/Projects/CortexM3_soc/Rtl/PeripheraWARNING: [IP_Flow 19-3664] IP 'VROM' generated file not found 'gWARNING: [IP_Flow 19-3664] IP 'VROM' generated file not found 'g:/SoC/Projects/CortexM3_soc/Rtl/Peripherals/RWARNING: [IP_Flow 19-3664] IP 'VROM' generated file not found 'gWARNING: [IP_Flow 19-3664] IP 'VROM' generated file not found 'g:/SoC/Projects/CortexM3_soc/Rtl/Peripherals/ResiWARNING: [IP_Flow 19-3664] IP 'ROM_8bit_260' generated file not found 'g:/SoC/Projects/CortexM3_soc/Rtl/Peripherals/Resizer/ROM_8bit_260/ROM_8bit_260.dcp'. Please regenerate to continue.
WARNING: [IP_Flow 19-3664] IP 'ROM_8bit_260' generated file not found 'g:/SoC/Projects/CortexM3_soc/Rtl/Peripherals/Resizer/ROM_8bit_260/ROM_8bit_260_stub.v'. Please regenerate to continue.
WARNING: [IP_Flow 19-3664] IP 'ROM_8bit_260' generated file not WARNING: [IP_Flow 19-3664] IP 'ROM_8bit_260' generated file not found 'g:/SoC/Projects/CortexM3_soc/Rtl/Peripherals/Resizer/ROM_8WARNING: [IP_Flow 19-3664] IP 'ROM_8bit_260' generated file not found 'g:/SoC/Projects/CortexM3_soc/Rtl/Peripherals/Resizer/ROM_8bit_260/ROM_8bit_260_sim_netlist.v'. Please regenerate to continue.
WARNING: [IP_Flow 19-3664] IP 'ROM_8bit_260' generated file not found 'g:/SoC/Projects/CortexM3_soc/Rtl/Peripherals/Resizer/ROM_8bit_260/ROM_8bit_260_sim_netlist.vhdl'. Please regenerate to continue.
WARNING: [IP_Flow 19-3664] IP 'UROM' generated file not found 'g:/SoC/Projects/CortexM3_soc/Rtl/Peripherals/Resizer/UROM/UROM.dcp'. Please regenerate to continue.
WARNING: [IP_Flow 19-3664] IP 'UROM' generated file not found 'g:/SoC/Projects/CortexM3_soc/Rtl/Peripherals/Resizer/UROM/UROM_stub.v'. Please regenerate to continue.
WARNING: [IP_Flow 19-3664] IP 'UROM' generated file not found 'g:/SoC/Projects/CortexM3_soc/Rtl/Peripherals/Resizer/UROM/UROM_stub.vhdl'. Please regenerate to continue.
WARNING: [IP_Flow 19-3664] IP 'UROM' generated file not found 'g:/SoC/Projects/CortexM3_soc/Rtl/Peripherals/Resizer/UROM/UROM_sim_netlist.v'. Please regenerate to continue.
WARNING: [IP_Flow 19-3664] IP 'UROM' generated file not found 'g:/SoC/Projects/CortexM3_soc/Rtl/Peripherals/Resizer/UROM/UROM_sim_netlist.vhdl'. Please regenerate to continue.
WARNING: [IP_Flow 19-3664] IP 'RAM_16bit_1225' generated file not found 'g:/SoC/Projects/CortexM3_soc/Rtl/Peripherals/ACC/IP/RAM_16bit_1225_1/RAM_16bit_1225.dcp'. Please regenerate to continue.
WARNING: [IP_Flow 19-3664] IP 'RAM_16bit_1225' generated file not found 'g:/SoC/Projects/CortexM3_soc/Rtl/Peripherals/ACC/IP/RAM_16bit_1225_1/RAM_16bit_1225_stub.v'. Please regenerate to continue.
WARNING: [IP_Flow 19-3664] IP 'RAM_16bit_1225' generated file not found 'g:/SoC/Projects/CortexM3_soc/Rtl/Peripherals/ACC/IP/RAM_16bit_1225_1/RAM_16bit_1225_stub.vhdl'. Please regenerate to continue.
WARNING: [IP_Flow 19-3664] IP 'RAM_16bit_1225' generated file not found 'g:/SoC/Projects/CortexM3_soc/Rtl/Peripherals/ACC/IP/RAM_16bit_1225_1/RAM_16bit_1225_sim_netlist.v'. Please regenerate to continue.
WARNING: [IP_Flow 19-3664] IP 'RAM_16bit_1225' generated file not found 'g:/SoC/Projects/CortexM3_soc/Rtl/Peripherals/ACC/IP/RAM_16bit_1225_1/RAM_16bit_1225_sim_netlist.vhdl'. Please regenerate to continue.
open_project: Time (s): cpu = 00:00:27 ; elapsed = 00:00:49 . Memory (MB): peak = 888.414 ; gain = 277.422
exit
INFO: [Common 17-206] Exiting Vivado at Fri Dec  3 22:32:02 2021...
2021...
