
*** Running vivado
    with args -log exp.vds -m64 -product Vivado -mode batch -messageDb vivado.pb -notrace -source exp.tcl


****** Vivado v2019.2 (64-bit)
  **** SW Build 2708876 on Wed Nov  6 21:40:23 MST 2019
  **** IP Build 2700528 on Thu Nov  7 00:09:20 MST 2019
    ** Copyright 1986-2019 Xilinx, Inc. All Rights Reserved.

source exp.tcl -notrace
create_project: Time (s): cpu = 00:00:03 ; elapsed = 00:00:06 . Memory (MB): peak = 326.477 ; gain = 32.793
Command: synth_design -top exp -part xc7a200tfbg484-2 -mode out_of_context
Starting synth_design
Attempting to get a license for feature 'Synthesis' and/or device 'xc7a200t'
INFO: [Common 17-349] Got license for feature 'Synthesis' and/or device 'xc7a200t'
INFO: [Device 21-403] Loading part xc7a200tfbg484-2
INFO: Launching helper process for spawning children vivado processes
INFO: Helper process launched with PID 17684 
---------------------------------------------------------------------------------
Starting RTL Elaboration : Time (s): cpu = 00:00:15 ; elapsed = 00:00:29 . Memory (MB): peak = 927.738 ; gain = 242.465
---------------------------------------------------------------------------------
INFO: [Synth 8-638] synthesizing module 'exp' [g:/SoC/Projects/CortexM3_soc/Rtl/Peripherals/ACC/IP/exp_1/synth/exp.vhd:69]
	Parameter C_ARCHITECTURE bound to: 2 - type: integer 
	Parameter C_CORDIC_FUNCTION bound to: 4 - type: integer 
	Parameter C_COARSE_ROTATE bound to: 0 - type: integer 
	Parameter C_DATA_FORMAT bound to: 0 - type: integer 
	Parameter C_XDEVICEFAMILY bound to: artix7 - type: string 
	Parameter C_HAS_ACLKEN bound to: 0 - type: integer 
	Parameter C_HAS_ACLK bound to: 1 - type: integer 
	Parameter C_HAS_S_AXIS_CARTESIAN bound to: 0 - type: integer 
	Parameter C_HAS_S_AXIS_PHASE bound to: 1 - type: integer 
	Parameter C_HAS_ARESETN bound to: 0 - type: integer 
	Parameter C_INPUT_WIDTH bound to: 16 - type: integer 
	Parameter C_ITERATIONS bound to: 0 - type: integer 
	Parameter C_OUTPUT_WIDTH bound to: 16 - type: integer 
	Parameter C_PHASE_FORMAT bound to: 0 - type: integer 
	Parameter C_PIPELINE_MODE bound to: -1 - type: integer 
	Parameter C_PRECISION bound to: 0 - type: integer 
	Parameter C_ROUND_MODE bound to: 0 - type: integer 
	Parameter C_SCALE_COMP bound to: 0 - type: integer 
	Parameter C_THROTTLE_SCHEME bound to: 3 - type: integer 
	Parameter C_TLAST_RESOLUTION bound to: 0 - type: integer 
	Parameter C_HAS_S_AXIS_PHASE_TUSER bound to: 0 - type: integer 
	Parameter C_HAS_S_AXIS_PHASE_TLAST bound to: 0 - type: integer 
	Parameter C_S_AXIS_PHASE_TDATA_WIDTH bound to: 16 - type: integer 
	Parameter C_S_AXIS_PHASE_TUSER_WIDTH bound to: 1 - type: integer 
	Parameter C_HAS_S_AXIS_CARTESIAN_TUSER bound to: 0 - type: integer 
	Parameter C_HAS_S_AXIS_CARTESIAN_TLAST bound to: 0 - type: integer 
	Parameter C_S_AXIS_CARTESIAN_TDATA_WIDTH bound to: 32 - type: integer 
	Parameter C_S_AXIS_CARTESIAN_TUSER_WIDTH bound to: 1 - type: integer 
	Parameter C_M_AXIS_DOUT_TDATA_WIDTH bound to: 32 - type: integer 
	Parameter C_M_AXIS_DOUT_TUSER_WIDTH bound to: 1 - type: integer 
INFO: [Synth 8-3491] module 'cordic_v6_0_16' declared at 'g:/SoC/Projects/CortexM3_soc/Rtl/Peripherals/ACC/IP/exp_1/hdl/cordic_v6_0_vh_rfs.vhd:10135' bound to instance 'U0' of component 'cordic_v6_0_16' [g:/SoC/Projects/CortexM3_soc/Rtl/Peripherals/ACC/IP/exp_1/synth/exp.vhd:144]
INFO: [Synth 8-256] done synthesizing module 'exp' (21#1) [g:/SoC/Projects/CortexM3_soc/Rtl/Peripherals/ACC/IP/exp_1/synth/exp.vhd:69]
WARNING: [Synth 8-3331] design cordic_round has unconnected port round_in[4]
WARNING: [Synth 8-3331] design cordic_round has unconnected port round_in[3]
WARNING: [Synth 8-3331] design cordic_round has unconnected port round_in[2]
WARNING: [Synth 8-3331] design cordic_round has unconnected port round_in[1]
WARNING: [Synth 8-3331] design cordic_round has unconnected port round_in[0]
WARNING: [Synth 8-3331] design delay_bit__parameterized1 has unconnected port WE
WARNING: [Synth 8-3331] design delay_bit__parameterized1 has unconnected port CE
WARNING: [Synth 8-3331] design delay_bit__parameterized1 has unconnected port SCLR
WARNING: [Synth 8-3331] design delay_bit__parameterized1 has unconnected port CLK
WARNING: [Synth 8-3331] design cordic_out_config has unconnected port phase_in[20]
WARNING: [Synth 8-3331] design cordic_out_config has unconnected port phase_in[19]
WARNING: [Synth 8-3331] design cordic_out_config has unconnected port phase_in[18]
WARNING: [Synth 8-3331] design cordic_out_config has unconnected port phase_in[17]
WARNING: [Synth 8-3331] design cordic_out_config has unconnected port phase_in[16]
WARNING: [Synth 8-3331] design cordic_out_config has unconnected port phase_in[15]
WARNING: [Synth 8-3331] design cordic_out_config has unconnected port phase_in[14]
WARNING: [Synth 8-3331] design cordic_out_config has unconnected port phase_in[13]
WARNING: [Synth 8-3331] design cordic_out_config has unconnected port phase_in[12]
WARNING: [Synth 8-3331] design cordic_out_config has unconnected port phase_in[11]
WARNING: [Synth 8-3331] design cordic_out_config has unconnected port phase_in[10]
WARNING: [Synth 8-3331] design cordic_out_config has unconnected port phase_in[9]
WARNING: [Synth 8-3331] design cordic_out_config has unconnected port phase_in[8]
WARNING: [Synth 8-3331] design cordic_out_config has unconnected port phase_in[7]
WARNING: [Synth 8-3331] design cordic_out_config has unconnected port phase_in[6]
WARNING: [Synth 8-3331] design cordic_out_config has unconnected port phase_in[5]
WARNING: [Synth 8-3331] design cordic_out_config has unconnected port phase_in[4]
WARNING: [Synth 8-3331] design cordic_out_config has unconnected port phase_in[3]
WARNING: [Synth 8-3331] design cordic_out_config has unconnected port phase_in[2]
WARNING: [Synth 8-3331] design cordic_out_config has unconnected port phase_in[1]
WARNING: [Synth 8-3331] design cordic_out_config has unconnected port phase_in[0]
WARNING: [Synth 8-3331] design cordic_out_config has unconnected port aclr
WARNING: [Synth 8-3331] design cordic_ctrl_slice_par has unconnected port aclr
WARNING: [Synth 8-3331] design c_reg_fd_v12_0_6_viv has unconnected port CE
WARNING: [Synth 8-3331] design c_reg_fd_v12_0_6_viv has unconnected port AINIT
WARNING: [Synth 8-3331] design c_reg_fd_v12_0_6_viv has unconnected port ACLR
WARNING: [Synth 8-3331] design c_reg_fd_v12_0_6_viv has unconnected port ASET
WARNING: [Synth 8-3331] design c_reg_fd_v12_0_6_viv has unconnected port SINIT
WARNING: [Synth 8-3331] design c_reg_fd_v12_0_6_viv has unconnected port SCLR
WARNING: [Synth 8-3331] design c_reg_fd_v12_0_6_viv has unconnected port SSET
WARNING: [Synth 8-3331] design c_addsub_v12_0_14_lut6_legacy has unconnected port c_in
WARNING: [Synth 8-3331] design c_addsub_v12_0_14_lut6_legacy has unconnected port ce
WARNING: [Synth 8-3331] design c_addsub_v12_0_14_lut6_legacy has unconnected port bypass
WARNING: [Synth 8-3331] design c_addsub_v12_0_14_lut6_legacy has unconnected port sclr
WARNING: [Synth 8-3331] design c_addsub_v12_0_14_lut6_legacy has unconnected port sset
WARNING: [Synth 8-3331] design c_addsub_v12_0_14_lut6_legacy has unconnected port sinit
WARNING: [Synth 8-3331] design c_addsub_v12_0_14_legacy has unconnected port c_in
WARNING: [Synth 8-3331] design c_addsub_v12_0_14_legacy has unconnected port b_in
WARNING: [Synth 8-3331] design c_addsub_v12_0_14_legacy has unconnected port a_signed
WARNING: [Synth 8-3331] design c_addsub_v12_0_14_legacy has unconnected port b_signed
WARNING: [Synth 8-3331] design c_addsub_v12_0_14_viv has unconnected port C_IN
WARNING: [Synth 8-3331] design cordic_eng has unconnected port nd_in
WARNING: [Synth 8-3331] design delay has unconnected port WE
WARNING: [Synth 8-3331] design delay has unconnected port CE
WARNING: [Synth 8-3331] design delay has unconnected port SCLR
WARNING: [Synth 8-3331] design delay has unconnected port CLK
WARNING: [Synth 8-3331] design cordic_v6_0_16_synth has unconnected port X_IN[15]
WARNING: [Synth 8-3331] design cordic_v6_0_16_synth has unconnected port X_IN[14]
WARNING: [Synth 8-3331] design cordic_v6_0_16_synth has unconnected port X_IN[13]
WARNING: [Synth 8-3331] design cordic_v6_0_16_synth has unconnected port X_IN[12]
WARNING: [Synth 8-3331] design cordic_v6_0_16_synth has unconnected port X_IN[11]
WARNING: [Synth 8-3331] design cordic_v6_0_16_synth has unconnected port X_IN[10]
WARNING: [Synth 8-3331] design cordic_v6_0_16_synth has unconnected port X_IN[9]
WARNING: [Synth 8-3331] design cordic_v6_0_16_synth has unconnected port X_IN[8]
WARNING: [Synth 8-3331] design cordic_v6_0_16_synth has unconnected port X_IN[7]
WARNING: [Synth 8-3331] design cordic_v6_0_16_synth has unconnected port X_IN[6]
WARNING: [Synth 8-3331] design cordic_v6_0_16_synth has unconnected port X_IN[5]
WARNING: [Synth 8-3331] design cordic_v6_0_16_synth has unconnected port X_IN[4]
WARNING: [Synth 8-3331] design cordic_v6_0_16_synth has unconnected port X_IN[3]
WARNING: [Synth 8-3331] design cordic_v6_0_16_synth has unconnected port X_IN[2]
WARNING: [Synth 8-3331] design cordic_v6_0_16_synth has unconnected port X_IN[1]
WARNING: [Synth 8-3331] design cordic_v6_0_16_synth has unconnected port X_IN[0]
WARNING: [Synth 8-3331] design cordic_v6_0_16_synth has unconnected port Y_IN[15]
WARNING: [Synth 8-3331] design cordic_v6_0_16_synth has unconnected port Y_IN[14]
WARNING: [Synth 8-3331] design cordic_v6_0_16_synth has unconnected port Y_IN[13]
WARNING: [Synth 8-3331] design cordic_v6_0_16_synth has unconnected port Y_IN[12]
WARNING: [Synth 8-3331] design cordic_v6_0_16_synth has unconnected port Y_IN[11]
WARNING: [Synth 8-3331] design cordic_v6_0_16_synth has unconnected port Y_IN[10]
WARNING: [Synth 8-3331] design cordic_v6_0_16_synth has unconnected port Y_IN[9]
WARNING: [Synth 8-3331] design cordic_v6_0_16_synth has unconnected port Y_IN[8]
WARNING: [Synth 8-3331] design cordic_v6_0_16_synth has unconnected port Y_IN[7]
WARNING: [Synth 8-3331] design cordic_v6_0_16_synth has unconnected port Y_IN[6]
WARNING: [Synth 8-3331] design cordic_v6_0_16_synth has unconnected port Y_IN[5]
WARNING: [Synth 8-3331] design cordic_v6_0_16_synth has unconnected port Y_IN[4]
WARNING: [Synth 8-3331] design cordic_v6_0_16_synth has unconnected port Y_IN[3]
WARNING: [Synth 8-3331] design cordic_v6_0_16_synth has unconnected port Y_IN[2]
WARNING: [Synth 8-3331] design cordic_v6_0_16_synth has unconnected port Y_IN[1]
WARNING: [Synth 8-3331] design cordic_v6_0_16_synth has unconnected port Y_IN[0]
WARNING: [Synth 8-3331] design cordic_v6_0_16_synth has unconnected port ND
WARNING: [Synth 8-3331] design cordic_v6_0_16_synth has unconnected port CE
WARNING: [Synth 8-3331] design cordic_v6_0_16_synth has unconnected port SCLR
WARNING: [Synth 8-3331] design xbip_pipe_v3_0_6_viv has unconnected port SCLR
WARNING: [Synth 8-3331] design xbip_pipe_v3_0_6_viv has unconnected port SSET
WARNING: [Synth 8-3331] design xbip_pipe_v3_0_6_viv has unconnected port SINIT
WARNING: [Synth 8-3331] design cordic_v6_0_16_viv has unconnected port aclken
WARNING: [Synth 8-3331] design cordic_v6_0_16_viv has unconnected port aresetn
WARNING: [Synth 8-3331] design cordic_v6_0_16_viv has unconnected port s_axis_phase_tuser[0]
WARNING: [Synth 8-3331] design cordic_v6_0_16_viv has unconnected port s_axis_phase_tlast
WARNING: [Synth 8-3331] design cordic_v6_0_16_viv has unconnected port s_axis_cartesian_tvalid
WARNING: [Synth 8-3331] design cordic_v6_0_16_viv has unconnected port s_axis_cartesian_tuser[0]
WARNING: [Synth 8-3331] design cordic_v6_0_16_viv has unconnected port s_axis_cartesian_tlast
INFO: [Common 17-14] Message 'Synth 8-3331' appears 100 times and further instances of the messages will be disabled. Use the Tcl command set_msg_config to change the current settings.
---------------------------------------------------------------------------------
Finished RTL Elaboration : Time (s): cpu = 00:00:44 ; elapsed = 00:01:02 . Memory (MB): peak = 1056.301 ; gain = 371.027
---------------------------------------------------------------------------------

Report Check Netlist: 
+------+------------------+-------+---------+-------+------------------+
|      |Item              |Errors |Warnings |Status |Description       |
+------+------------------+-------+---------+-------+------------------+
|1     |multi_driven_nets |      0|        0|Passed |Multi driven nets |
+------+------------------+-------+---------+-------+------------------+
---------------------------------------------------------------------------------
Start Handling Custom Attributes
---------------------------------------------------------------------------------
---------------------------------------------------------------------------------
Finished Handling Custom Attributes : Time (s): cpu = 00:00:45 ; elapsed = 00:01:04 . Memory (MB): peak = 1056.301 ; gain = 371.027
---------------------------------------------------------------------------------
---------------------------------------------------------------------------------
Finished RTL Optimization Phase 1 : Time (s): cpu = 00:00:45 ; elapsed = 00:01:04 . Memory (MB): peak = 1056.301 ; gain = 371.027
---------------------------------------------------------------------------------
Netlist sorting complete. Time (s): cpu = 00:00:00 ; elapsed = 00:00:00.995 . Memory (MB): peak = 1061.602 ; gain = 0.000
INFO: [Netlist 29-17] Analyzing 2322 Unisim elements for replacement
INFO: [Netlist 29-28] Unisim Transformation completed in 0 CPU seconds
INFO: [Project 1-570] Preparing netlist for logic optimization

Processing XDC Constraints
Initializing timing engine
Parsing XDC File [g:/SoC/Projects/CortexM3_soc/Rtl/Peripherals/ACC/IP/exp_1/exp_ooc.xdc] for cell 'U0'
Finished Parsing XDC File [g:/SoC/Projects/CortexM3_soc/Rtl/Peripherals/ACC/IP/exp_1/exp_ooc.xdc] for cell 'U0'
Parsing XDC File [G:/SoC/Projects/CortexM3_soc/Vivado/CortexM3_SoC200T/CortexM3_SoC200T.runs/exp_synth_1/dont_touch.xdc]
Finished Parsing XDC File [G:/SoC/Projects/CortexM3_soc/Vivado/CortexM3_SoC200T/CortexM3_SoC200T.runs/exp_synth_1/dont_touch.xdc]
Completed Processing XDC Constraints

Netlist sorting complete. Time (s): cpu = 00:00:00 ; elapsed = 00:00:00.011 . Memory (MB): peak = 1171.402 ; gain = 0.000
INFO: [Project 1-111] Unisim Transformation Summary:
No Unisim elements were transformed.

Constraint Validation Runtime : Time (s): cpu = 00:00:00 ; elapsed = 00:00:00.281 . Memory (MB): peak = 1173.469 ; gain = 2.066
---------------------------------------------------------------------------------
Finished Constraint Validation : Time (s): cpu = 00:01:08 ; elapsed = 00:01:31 . Memory (MB): peak = 1173.469 ; gain = 488.195
---------------------------------------------------------------------------------
---------------------------------------------------------------------------------
Start Loading Part and Timing Information
---------------------------------------------------------------------------------
Loading part: xc7a200tfbg484-2
---------------------------------------------------------------------------------
Finished Loading Part and Timing Information : Time (s): cpu = 00:01:08 ; elapsed = 00:01:31 . Memory (MB): peak = 1173.469 ; gain = 488.195
---------------------------------------------------------------------------------
---------------------------------------------------------------------------------
Start Applying 'set_property' XDC Constraints
---------------------------------------------------------------------------------
Applied set_property DONT_TOUCH = true for U0. (constraint file  G:/SoC/Projects/CortexM3_soc/Vivado/CortexM3_SoC200T/CortexM3_SoC200T.runs/exp_synth_1/dont_touch.xdc, line 9).
---------------------------------------------------------------------------------
Finished applying 'set_property' XDC Constraints : Time (s): cpu = 00:01:08 ; elapsed = 00:01:31 . Memory (MB): peak = 1173.469 ; gain = 488.195
---------------------------------------------------------------------------------
---------------------------------------------------------------------------------
Finished RTL Optimization Phase 2 : Time (s): cpu = 00:01:11 ; elapsed = 00:01:35 . Memory (MB): peak = 1173.469 ; gain = 488.195
---------------------------------------------------------------------------------

Report RTL Partitions: 
+-+--------------+------------+----------+
| |RTL Partition |Replication |Instances |
+-+--------------+------------+----------+
+-+--------------+------------+----------+
---------------------------------------------------------------------------------
Start RTL Component Statistics 
---------------------------------------------------------------------------------
---------------------------------------------------------------------------------
Finished RTL Component Statistics 
---------------------------------------------------------------------------------
---------------------------------------------------------------------------------
Start RTL Hierarchical Component Statistics 
---------------------------------------------------------------------------------
---------------------------------------------------------------------------------
Finished RTL Hierarchical Component Statistics
---------------------------------------------------------------------------------
---------------------------------------------------------------------------------
Start Part Resource Summary
---------------------------------------------------------------------------------
Part Resources:
DSPs: 740 (col length:100)
BRAMs: 730 (col length: RAMB18 100 RAMB36 50)
---------------------------------------------------------------------------------
Finished Part Resource Summary
---------------------------------------------------------------------------------
---------------------------------------------------------------------------------
Start Cross Boundary and Area Optimization
---------------------------------------------------------------------------------
Warning: Parallel synthesis criteria is not met 
INFO: [Synth 8-3333] propagating constant 0 across sequential element (U0/i_synth/\i_synth/gen_cordic.cordic_engine/gen_para_arch.gen_iteration[0].eng/cntrl/engine_mode_dly/gen_rtl.gen_reg.d_reg_reg )
INFO: [Synth 8-3886] merging instance 'U0/i_synth/i_synth/gen_cordic.cordic_engine/gen_para_arch.gen_iteration[1].eng/cntrl/engine_mode_dly/gen_rtl.gen_reg.d_reg_reg' (FDRE) to 'U0/i_synth/i_synth/gen_cordic.cordic_engine/gen_para_arch.gen_iteration[0].eng/cntrl/engine_mode_dly/gen_rtl.gen_reg.d_reg_reg'
INFO: [Synth 8-3333] propagating constant 0 across sequential element (U0/i_synth/\i_synth/gen_cordic.cordic_engine/gen_para_arch.gen_iteration[0].eng/cntrl/engine_mode_dly/gen_rtl.gen_reg.d_reg_reg )
INFO: [Synth 8-3886] merging instance 'U0/i_synth/i_synth/gen_cordic.cordic_engine/gen_para_arch.gen_iteration[2].eng/cntrl/engine_mode_dly/gen_rtl.gen_reg.d_reg_reg' (FDRE) to 'U0/i_synth/i_synth/gen_cordic.cordic_engine/gen_para_arch.gen_iteration[0].eng/cntrl/engine_mode_dly/gen_rtl.gen_reg.d_reg_reg'
INFO: [Synth 8-3333] propagating constant 0 across sequential element (U0/i_synth/\i_synth/gen_cordic.cordic_engine/gen_para_arch.gen_iteration[0].eng/cntrl/engine_mode_dly/gen_rtl.gen_reg.d_reg_reg )
INFO: [Synth 8-3886] merging instance 'U0/i_synth/i_synth/gen_cordic.cordic_engine/gen_para_arch.gen_iteration[3].eng/cntrl/engine_mode_dly/gen_rtl.gen_reg.d_reg_reg' (FDRE) to 'U0/i_synth/i_synth/gen_cordic.cordic_engine/gen_para_arch.gen_iteration[0].eng/cntrl/engine_mode_dly/gen_rtl.gen_reg.d_reg_reg'
INFO: [Synth 8-3333] propagating constant 0 across sequential element (U0/i_synth/\i_synth/gen_cordic.cordic_engine/gen_para_arch.gen_iteration[0].eng/cntrl/engine_mode_dly/gen_rtl.gen_reg.d_reg_reg )
INFO: [Synth 8-3886] merging instance 'U0/i_synth/i_synth/gen_cordic.cordic_engine/gen_para_arch.gen_iteration[4].eng/cntrl/engine_mode_dly/gen_rtl.gen_reg.d_reg_reg' (FDRE) to 'U0/i_synth/i_synth/gen_cordic.cordic_engine/gen_para_arch.gen_iteration[0].eng/cntrl/engine_mode_dly/gen_rtl.gen_reg.d_reg_reg'
INFO: [Synth 8-3333] propagating constant 0 across sequential element (U0/i_synth/\i_synth/gen_cordic.cordic_engine/gen_para_arch.gen_iteration[0].eng/cntrl/engine_mode_dly/gen_rtl.gen_reg.d_reg_reg )
INFO: [Synth 8-3886] merging instance 'U0/i_synth/i_synth/gen_cordic.cordic_engine/gen_para_arch.gen_iteration[5].eng/cntrl/engine_mode_dly/gen_rtl.gen_reg.d_reg_reg' (FDRE) to 'U0/i_synth/i_synth/gen_cordic.cordic_engine/gen_para_arch.gen_iteration[0].eng/cntrl/engine_mode_dly/gen_rtl.gen_reg.d_reg_reg'
INFO: [Synth 8-3333] propagating constant 0 across sequential element (U0/i_synth/\i_synth/gen_cordic.cordic_engine/gen_para_arch.gen_iteration[0].eng/cntrl/engine_mode_dly/gen_rtl.gen_reg.d_reg_reg )
INFO: [Synth 8-3886] merging instance 'U0/i_synth/i_synth/gen_cordic.cordic_engine/gen_para_arch.gen_iteration[6].eng/cntrl/engine_mode_dly/gen_rtl.gen_reg.d_reg_reg' (FDRE) to 'U0/i_synth/i_synth/gen_cordic.cordic_engine/gen_para_arch.gen_iteration[0].eng/cntrl/engine_mode_dly/gen_rtl.gen_reg.d_reg_reg'
INFO: [Synth 8-3333] propagating constant 0 across sequential element (U0/i_synth/\i_synth/gen_cordic.cordic_engine/gen_para_arch.gen_iteration[0].eng/cntrl/engine_mode_dly/gen_rtl.gen_reg.d_reg_reg )
INFO: [Synth 8-3886] merging instance 'U0/i_synth/i_synth/gen_cordic.cordic_engine/gen_para_arch.gen_iteration[7].eng/cntrl/engine_mode_dly/gen_rtl.gen_reg.d_reg_reg' (FDRE) to 'U0/i_synth/i_synth/gen_cordic.cordic_engine/gen_para_arch.gen_iteration[0].eng/cntrl/engine_mode_dly/gen_rtl.gen_reg.d_reg_reg'
INFO: [Synth 8-3333] propagating constant 0 across sequential element (U0/i_synth/\i_synth/gen_cordic.cordic_engine/gen_para_arch.gen_iteration[0].eng/cntrl/engine_mode_dly/gen_rtl.gen_reg.d_reg_reg )
INFO: [Synth 8-3886] merging instance 'U0/i_synth/i_synth/gen_cordic.cordic_engine/gen_para_arch.gen_iteration[8].eng/cntrl/engine_mode_dly/gen_rtl.gen_reg.d_reg_reg' (FDRE) to 'U0/i_synth/i_synth/gen_cordic.cordic_engine/gen_para_arch.gen_iteration[0].eng/cntrl/engine_mode_dly/gen_rtl.gen_reg.d_reg_reg'
INFO: [Synth 8-3333] propagating constant 0 across sequential element (U0/i_synth/\i_synth/gen_cordic.cordic_engine/gen_para_arch.gen_iteration[0].eng/cntrl/engine_mode_dly/gen_rtl.gen_reg.d_reg_reg )
INFO: [Synth 8-3886] merging instance 'U0/i_synth/i_synth/gen_cordic.cordic_engine/gen_para_arch.gen_iteration[9].eng/cntrl/engine_mode_dly/gen_rtl.gen_reg.d_reg_reg' (FDRE) to 'U0/i_synth/i_synth/gen_cordic.cordic_engine/gen_para_arch.gen_iteration[0].eng/cntrl/engine_mode_dly/gen_rtl.gen_reg.d_reg_reg'
INFO: [Synth 8-3333] propagating constant 0 across sequential element (U0/i_synth/\i_synth/gen_cordic.cordic_engine/gen_para_arch.gen_iteration[0].eng/cntrl/engine_mode_dly/gen_rtl.gen_reg.d_reg_reg )
INFO: [Synth 8-3886] merging instance 'U0/i_synth/i_synth/gen_cordic.cordic_engine/gen_para_arch.gen_iteration[10].eng/cntrl/engine_mode_dly/gen_rtl.gen_reg.d_reg_reg' (FDRE) to 'U0/i_synth/i_synth/gen_cordic.cordic_engine/gen_para_arch.gen_iteration[0].eng/cntrl/engine_mode_dly/gen_rtl.gen_reg.d_reg_reg'
INFO: [Synth 8-3333] propagating constant 0 across sequential element (U0/i_synth/\i_synth/gen_cordic.cordic_engine/gen_para_arch.gen_iteration[0].eng/cntrl/engine_mode_dly/gen_rtl.gen_reg.d_reg_reg )
INFO: [Synth 8-3886] merging instance 'U0/i_synth/i_synth/gen_cordic.cordic_engine/gen_para_arch.gen_iteration[11].eng/cntrl/engine_mode_dly/gen_rtl.gen_reg.d_reg_reg' (FDRE) to 'U0/i_synth/i_synth/gen_cordic.cordic_engine/gen_para_arch.gen_iteration[0].eng/cntrl/engine_mode_dly/gen_rtl.gen_reg.d_reg_reg'
INFO: [Synth 8-3333] propagating constant 0 across sequential element (U0/i_synth/\i_synth/gen_cordic.cordic_engine/gen_para_arch.gen_iteration[0].eng/cntrl/engine_mode_dly/gen_rtl.gen_reg.d_reg_reg )
INFO: [Synth 8-3886] merging instance 'U0/i_synth/i_synth/gen_cordic.cordic_engine/gen_para_arch.gen_iteration[12].eng/cntrl/engine_mode_dly/gen_rtl.gen_reg.d_reg_reg' (FDRE) to 'U0/i_synth/i_synth/gen_cordic.cordic_engine/gen_para_arch.gen_iteration[0].eng/cntrl/engine_mode_dly/gen_rtl.gen_reg.d_reg_reg'
INFO: [Synth 8-3333] propagating constant 0 across sequential element (U0/i_synth/\i_synth/gen_cordic.cordic_engine/gen_para_arch.gen_iteration[0].eng/cntrl/engine_mode_dly/gen_rtl.gen_reg.d_reg_reg )
INFO: [Synth 8-3886] merging instance 'U0/i_synth/i_synth/gen_cordic.cordic_engine/gen_para_arch.gen_iteration[13].eng/cntrl/engine_mode_dly/gen_rtl.gen_reg.d_reg_reg' (FDRE) to 'U0/i_synth/i_synth/gen_cordic.cordic_engine/gen_para_arch.gen_iteration[0].eng/cntrl/engine_mode_dly/gen_rtl.gen_reg.d_reg_reg'
INFO: [Synth 8-3333] propagating constant 0 across sequential element (U0/i_synth/\i_synth/gen_cordic.cordic_engine/gen_para_arch.gen_iteration[0].eng/cntrl/engine_mode_dly/gen_rtl.gen_reg.d_reg_reg )
INFO: [Synth 8-3886] merging instance 'U0/i_synth/i_synth/gen_cordic.cordic_engine/gen_para_arch.gen_iteration[14].eng/cntrl/engine_mode_dly/gen_rtl.gen_reg.d_reg_reg' (FDRE) to 'U0/i_synth/i_synth/gen_cordic.cordic_engine/gen_para_arch.gen_iteration[0].eng/cntrl/engine_mode_dly/gen_rtl.gen_reg.d_reg_reg'
INFO: [Synth 8-3333] propagating constant 0 across sequential element (U0/i_synth/\i_synth/gen_cordic.cordic_engine/gen_para_arch.gen_iteration[0].eng/cntrl/engine_mode_dly/gen_rtl.gen_reg.d_reg_reg )
INFO: [Synth 8-3886] merging instance 'U0/i_synth/i_synth/gen_cordic.cordic_engine/gen_para_arch.gen_iteration[15].eng/cntrl/engine_mode_dly/gen_rtl.gen_reg.d_reg_reg' (FDRE) to 'U0/i_synth/i_synth/gen_cordic.cordic_engine/gen_para_arch.gen_iteration[0].eng/cntrl/engine_mode_dly/gen_rtl.gen_reg.d_reg_reg'
INFO: [Synth 8-3333] propagating constant 0 across sequential element (U0/i_synth/\i_synth/gen_cordic.cordic_engine/gen_para_arch.gen_iteration[0].eng/cntrl/engine_mode_dly/gen_rtl.gen_reg.d_reg_reg )
INFO: [Synth 8-3886] merging instance 'U0/i_synth/i_synth/gen_cordic.cordic_engine/gen_para_arch.gen_iteration[16].eng/cntrl/engine_mode_dly/gen_rtl.gen_reg.d_reg_reg' (FDRE) to 'U0/i_synth/i_synth/gen_cordic.cordic_engine/gen_para_arch.gen_iteration[0].eng/cntrl/engine_mode_dly/gen_rtl.gen_reg.d_reg_reg'
INFO: [Synth 8-3333] propagating constant 0 across sequential element (U0/i_synth/\i_synth/gen_cordic.cordic_engine/gen_para_arch.gen_iteration[0].eng/cntrl/engine_mode_dly/gen_rtl.gen_reg.d_reg_reg )
---------------------------------------------------------------------------------
Finished Cross Boundary and Area Optimization : Time (s): cpu = 00:01:20 ; elapsed = 00:01:48 . Memory (MB): peak = 1173.469 ; gain = 488.195
---------------------------------------------------------------------------------

Report RTL Partitions: 
+-+--------------+------------+----------+
| |RTL Partition |Replication |Instances |
+-+--------------+------------+----------+
+-+--------------+------------+----------+
---------------------------------------------------------------------------------
Start Applying XDC Timing Constraints
---------------------------------------------------------------------------------
---------------------------------------------------------------------------------
Finished Applying XDC Timing Constraints : Time (s): cpu = 00:01:38 ; elapsed = 00:02:08 . Memory (MB): peak = 1173.469 ; gain = 488.195
---------------------------------------------------------------------------------
---------------------------------------------------------------------------------
Start Timing Optimization
---------------------------------------------------------------------------------
---------------------------------------------------------------------------------
Finished Timing Optimization : Time (s): cpu = 00:01:39 ; elapsed = 00:02:10 . Memory (MB): peak = 1173.469 ; gain = 488.195
---------------------------------------------------------------------------------

Report RTL Partitions: 
+-+--------------+------------+----------+
| |RTL Partition |Replication |Instances |
+-+--------------+------------+----------+
+-+--------------+------------+----------+
---------------------------------------------------------------------------------
Start Technology Mapping
---------------------------------------------------------------------------------
---------------------------------------------------------------------------------
Finished Technology Mapping : Time (s): cpu = 00:01:43 ; elapsed = 00:02:15 . Memory (MB): peak = 1173.469 ; gain = 488.195
---------------------------------------------------------------------------------

Report RTL Partitions: 
+-+--------------+------------+----------+
| |RTL Partition |Replication |Instances |
+-+--------------+------------+----------+
+-+--------------+------------+----------+
---------------------------------------------------------------------------------
Start IO Insertion
---------------------------------------------------------------------------------
---------------------------------------------------------------------------------
Start Flattening Before IO Insertion
---------------------------------------------------------------------------------
---------------------------------------------------------------------------------
Finished Flattening Before IO Insertion
---------------------------------------------------------------------------------
---------------------------------------------------------------------------------
Start Final Netlist Cleanup
---------------------------------------------------------------------------------
---------------------------------------------------------------------------------
Finished Final Netlist Cleanup
---------------------------------------------------------------------------------
---------------------------------------------------------------------------------
Finished IO Insertion : Time (s): cpu = 00:01:55 ; elapsed = 00:02:28 . Memory (MB): peak = 1173.469 ; gain = 488.195
---------------------------------------------------------------------------------
---------------------------------------------------------------------------------
Start Renaming Generated Instances
---------------------------------------------------------------------------------
---------------------------------------------------------------------------------
Finished Renaming Generated Instances : Time (s): cpu = 00:01:55 ; elapsed = 00:02:28 . Memory (MB): peak = 1173.469 ; gain = 488.195
---------------------------------------------------------------------------------

Report RTL Partitions: 
+-+--------------+------------+----------+
| |RTL Partition |Replication |Instances |
+-+--------------+------------+----------+
+-+--------------+------------+----------+

Report Check Netlist: 
+------+------------------+-------+---------+-------+------------------+
|      |Item              |Errors |Warnings |Status |Description       |
+------+------------------+-------+---------+-------+------------------+
|1     |multi_driven_nets |      0|        0|Passed |Multi driven nets |
+------+------------------+-------+---------+-------+------------------+
---------------------------------------------------------------------------------
Start Rebuilding User Hierarchy
---------------------------------------------------------------------------------
---------------------------------------------------------------------------------
Finished Rebuilding User Hierarchy : Time (s): cpu = 00:01:56 ; elapsed = 00:02:29 . Memory (MB): peak = 1173.469 ; gain = 488.195
---------------------------------------------------------------------------------
---------------------------------------------------------------------------------
Start Renaming Generated Ports
---------------------------------------------------------------------------------
---------------------------------------------------------------------------------
Finished Renaming Generated Ports : Time (s): cpu = 00:01:56 ; elapsed = 00:02:29 . Memory (MB): peak = 1173.469 ; gain = 488.195
---------------------------------------------------------------------------------
---------------------------------------------------------------------------------
Start Handling Custom Attributes
---------------------------------------------------------------------------------
---------------------------------------------------------------------------------
Finished Handling Custom Attributes : Time (s): cpu = 00:01:56 ; elapsed = 00:02:29 . Memory (MB): peak = 1173.469 ; gain = 488.195
---------------------------------------------------------------------------------
---------------------------------------------------------------------------------
Start Renaming Generated Nets
---------------------------------------------------------------------------------
---------------------------------------------------------------------------------
Finished Renaming Generated Nets : Time (s): cpu = 00:01:56 ; elapsed = 00:02:29 . Memory (MB): peak = 1173.469 ; gain = 488.195
---------------------------------------------------------------------------------
---------------------------------------------------------------------------------
Start Writing Synthesis Report
---------------------------------------------------------------------------------

Report BlackBoxes: 
+-+--------------+----------+
| |BlackBox name |Instances |
+-+--------------+----------+
+-+--------------+----------+

Report Cell Usage: 
+------+--------+------+
|      |Cell    |Count |
+------+--------+------+
|1     |LUT1    |    94|
|2     |LUT2    |   335|
|3     |LUT3    |   714|
|4     |MUXCY   |  1060|
|5     |SRLC32E |     2|
|6     |XORCY   |  1083|
|7     |FDRE    |  1118|
+------+--------+------+
---------------------------------------------------------------------------------
Finished Writing Synthesis Report : Time (s): cpu = 00:01:56 ; elapsed = 00:02:29 . Memory (MB): peak = 1173.469 ; gain = 488.195
---------------------------------------------------------------------------------
Synthesis finished with 0 errors, 0 critical warnings and 364 warnings.
Synthesis Optimization Runtime : Time (s): cpu = 00:01:01 ; elapsed = 00:02:15 . Memory (MB): peak = 1173.469 ; gain = 371.027
Synthesis Optimization Complete : Time (s): cpu = 00:01:57 ; elapsed = 00:02:30 . Memory (MB): peak = 1173.469 ; gain = 488.195
INFO: [Project 1-571] Translating synthesized netlist
Netlist sorting complete. Time (s): cpu = 00:00:00 ; elapsed = 00:00:00.450 . Memory (MB): peak = 1173.469 ; gain = 0.000
INFO: [Netlist 29-17] Analyzing 2143 Unisim elements for replacement
INFO: [Netlist 29-28] Unisim Transformation completed in 0 CPU seconds
INFO: [Project 1-570] Preparing netlist for logic optimization
INFO: [Opt 31-138] Pushed 0 inverter(s) to 0 load pin(s).
Netlist sorting complete. Time (s): cpu = 00:00:00 ; elapsed = 00:00:00.009 . Memory (MB): peak = 1173.469 ; gain = 0.000
INFO: [Project 1-111] Unisim Transformation Summary:
  A total of 318 instances were transformed.
  (MUXCY,XORCY) => CARRY4: 318 instances

INFO: [Common 17-83] Releasing license: Synthesis
50 Infos, 100 Warnings, 0 Critical Warnings and 0 Errors encountered.
synth_design completed successfully
synth_design: Time (s): cpu = 00:02:26 ; elapsed = 00:03:12 . Memory (MB): peak = 1173.469 ; gain = 814.020
Netlist sorting complete. Time (s): cpu = 00:00:00 ; elapsed = 00:00:00.009 . Memory (MB): peak = 1173.469 ; gain = 0.000
WARNING: [Constraints 18-5210] No constraints selected for write.
Resolution: This message can indicate that there are no constraints for the design, or it can indicate that the used_in flags are set such that the constraints are ignored. This later case is used when running synth_design to not write synthesis constraints to the resulting checkpoint. Instead, project constraints are read when the synthesized design is opened.
INFO: [Common 17-1381] The checkpoint 'G:/SoC/Projects/CortexM3_soc/Vivado/CortexM3_SoC200T/CortexM3_SoC200T.runs/exp_synth_1/exp.dcp' has been generated.
write_checkpoint: Time (s): cpu = 00:00:02 ; elapsed = 00:00:07 . Memory (MB): peak = 1173.469 ; gain = 0.000
WARNING: [Common 17-576] 'use_project_ipc' is deprecated. This option is deprecated and no longer used.
INFO: [Coretcl 2-1648] Added synthesis output to IP cache for IP exp, cache-ID = c0046198e6e43fc0
INFO: [Coretcl 2-1174] Renamed 385 cell refs.
Netlist sorting complete. Time (s): cpu = 00:00:00 ; elapsed = 00:00:00.008 . Memory (MB): peak = 1173.469 ; gain = 0.000
WARNING: [Constraints 18-5210] No constraints selected for write.
Resolution: This message can indicate that there are no constraints for the design, or it can indicate that the used_in flags are set such that the constraints are ignored. This later case is used when running synth_design to not write synthesis constraints to the resulting checkpoint. Instead, project constraints are read when the synthesized design is opened.
INFO: [Common 17-1381] The checkpoint 'G:/SoC/Projects/CortexM3_soc/Vivado/CortexM3_SoC200T/CortexM3_SoC200T.runs/exp_synth_1/exp.dcp' has been generated.
INFO: [runtcl-4] Executing : report_utilization -file exp_utilization_synth.rpt -pb exp_utilization_synth.pb
INFO: [Common 17-206] Exiting Vivado at Tue Sep  7 15:07:14 2021...
