Copyright 1986-2019 Xilinx, Inc. All Rights Reserved.
----------------------------------------------------------------------------------------------------------------------------------------------------------
| Tool Version     : Vivado v.2019.2 (win64) Build 2708876 Wed Nov  6 21:40:23 MST 2019
| Date             : Wed Oct 13 22:51:43 2021
| Host             : MINGO-ASUS running 64-bit major release  (build 9200)
| Command          : report_power -file CortexM3_Soc_power_routed.rpt -pb CortexM3_Soc_power_summary_routed.pb -rpx CortexM3_Soc_power_routed.rpx
| Design           : CortexM3_Soc
| Device           : xc7a200tfbg484-2
| Design State     : routed
| Grade            : commercial
| Process          : typical
| Characterization : Production
----------------------------------------------------------------------------------------------------------------------------------------------------------

Power Report

Table of Contents
-----------------
1. Summary
1.1 On-Chip Components
1.2 Power Supply Summary
1.3 Confidence Level
2. Settings
2.1 Environment
2.2 Clock Constraints
3. Detailed Reports
3.1 By Hierarchy

1. Summary
----------

+--------------------------+--------------+
| Total On-Chip Power (W)  | 1.427        |
| Design Power Budget (W)  | Unspecified* |
| Power Budget Margin (W)  | NA           |
| Dynamic (W)              | 1.274        |
| Device Static (W)        | 0.154        |
| Effective TJA (C/W)      | 2.5          |
| Max Ambient (C)          | 81.5         |
| Junction Temperature (C) | 28.5         |
| Confidence Level         | Low          |
| Setting File             | ---          |
| Simulation Activity File | ---          |
| Design Nets Matched      | NA           |
+--------------------------+--------------+
* Specify Design Power Budget using, set_operating_conditions -design_power_budget <value in Watts>


1.1 On-Chip Components
----------------------

+--------------------------+-----------+----------+-----------+-----------------+
| On-Chip                  | Power (W) | Used     | Available | Utilization (%) |
+--------------------------+-----------+----------+-----------+-----------------+
| Clocks                   |     0.046 |       40 |       --- |             --- |
| Slice Logic              |     0.022 |    51573 |       --- |             --- |
|   LUT as Logic           |     0.020 |    25454 |    133800 |           19.02 |
|   Register               |    <0.001 |    17622 |    267600 |            6.59 |
|   LUT as Distributed RAM |    <0.001 |      884 |     46200 |            1.91 |
|   CARRY4                 |    <0.001 |      667 |     33450 |            1.99 |
|   BUFG                   |    <0.001 |        1 |        32 |            3.13 |
|   LUT as Shift Register  |    <0.001 |      530 |     46200 |            1.15 |
|   F7/F8 Muxes            |    <0.001 |      179 |    133800 |            0.13 |
|   Others                 |    <0.001 |     1025 |       --- |             --- |
| Signals                  |     0.028 |    43174 |       --- |             --- |
| Block RAM                |     0.028 |     71.5 |       365 |           19.59 |
| MMCM                     |     0.152 |        2 |        10 |           20.00 |
| PLL                      |     0.214 |        2 |        10 |           20.00 |
| DSPs                     |    <0.001 |       20 |       740 |            2.70 |
| I/O                      |     0.573 |      152 |       285 |           53.33 |
| PHASER                   |     0.210 |       26 |       --- |             --- |
| Static Power             |     0.154 |          |           |                 |
| Total                    |     1.427 |          |           |                 |
+--------------------------+-----------+----------+-----------+-----------------+


1.2 Power Supply Summary
------------------------

+-----------+-------------+-----------+-------------+------------+
| Source    | Voltage (V) | Total (A) | Dynamic (A) | Static (A) |
+-----------+-------------+-----------+-------------+------------+
| Vccint    |       1.000 |     0.227 |       0.191 |      0.036 |
| Vccaux    |       1.800 |     0.419 |       0.388 |      0.031 |
| Vcco33    |       3.300 |     0.025 |       0.020 |      0.005 |
| Vcco25    |       2.500 |     0.000 |       0.000 |      0.000 |
| Vcco18    |       1.800 |     0.000 |       0.000 |      0.000 |
| Vcco15    |       1.500 |     0.000 |       0.000 |      0.000 |
| Vcco135   |       1.350 |     0.239 |       0.234 |      0.005 |
| Vcco12    |       1.200 |     0.000 |       0.000 |      0.000 |
| Vccaux_io |       1.800 |     0.000 |       0.000 |      0.000 |
| Vccbram   |       1.000 |     0.005 |       0.002 |      0.003 |
| MGTAVcc   |       1.000 |     0.000 |       0.000 |      0.000 |
| MGTAVtt   |       1.200 |     0.000 |       0.000 |      0.000 |
| Vccadc    |       1.800 |     0.020 |       0.000 |      0.020 |
+-----------+-------------+-----------+-------------+------------+


1.3 Confidence Level
--------------------

+-----------------------------+------------+--------------------------------------------------------+------------------------------------------------------------------------------------------------------------+
| User Input Data             | Confidence | Details                                                | Action                                                                                                     |
+-----------------------------+------------+--------------------------------------------------------+------------------------------------------------------------------------------------------------------------+
| Design implementation state | High       | Design is routed                                       |                                                                                                            |
| Clock nodes activity        | High       | User specified more than 95% of clocks                 |                                                                                                            |
| I/O nodes activity          | Low        | More than 75% of inputs are missing user specification | Provide missing input activity with simulation results or by editing the "By Resource Type -> I/Os" view   |
| Internal nodes activity     | Medium     | User specified less than 25% of internal nodes         | Provide missing internal nodes activity with simulation results or by editing the "By Resource Type" views |
| Device models               | High       | Device models are Production                           |                                                                                                            |
|                             |            |                                                        |                                                                                                            |
| Overall confidence level    | Low        |                                                        |                                                                                                            |
+-----------------------------+------------+--------------------------------------------------------+------------------------------------------------------------------------------------------------------------+


2. Settings
-----------

2.1 Environment
---------------

+-----------------------+--------------------------+
| Ambient Temp (C)      | 25.0                     |
| ThetaJA (C/W)         | 2.5                      |
| Airflow (LFM)         | 250                      |
| Heat Sink             | medium (Medium Profile)  |
| ThetaSA (C/W)         | 4.2                      |
| Board Selection       | medium (10"x10")         |
| # of Board Layers     | 12to15 (12 to 15 Layers) |
| Board Temperature (C) | 25.0                     |
+-----------------------+--------------------------+


2.2 Clock Constraints
---------------------

+-----------------------------------------------------------------------------------------------------------------------------------------------------------+----------------------------------------------------------------------------------------------------------------------------------------------------------------------------------------+-----------------+
| Clock                                                                                                                                                     | Domain                                                                                                                                                                                 | Constraint (ns) |
+-----------------------------------------------------------------------------------------------------------------------------------------------------------+----------------------------------------------------------------------------------------------------------------------------------------------------------------------------------------+-----------------+
| camera_clk                                                                                                                                                | CAMERA_PCLK                                                                                                                                                                            |            41.7 |
| clk_10M_PLL                                                                                                                                               | SynClock.Global_CLK_PLL/inst/clk_10M                                                                                                                                                   |           100.0 |
| clk_10M_PLL                                                                                                                                               | SynClock.Global_CLK_PLL/inst/clk_10M_PLL                                                                                                                                               |           100.0 |
| clk_167M_MMCM                                                                                                                                             | DDR/u_MMCM/inst/clk_167M_MMCM                                                                                                                                                          |             6.0 |
| clk_200M_MMCM                                                                                                                                             | DDR/u_MMCM/inst/clk_200M_MMCM                                                                                                                                                          |             5.0 |
| clk_50M_PLL                                                                                                                                               | SynClock.Global_CLK_PLL/inst/clk_50M_PLL                                                                                                                                               |            20.0 |
| clk_global                                                                                                                                                | CLK50M                                                                                                                                                                                 |            20.0 |
| clk_pll_i                                                                                                                                                 | DDR/u_MIG/u_MIG_mig/u_ddr3_infrastructure/clk_pll_i                                                                                                                                    |            12.0 |
| clkfbout_MMCM                                                                                                                                             | DDR/u_MMCM/inst/clkfbout_MMCM                                                                                                                                                          |            20.0 |
| clkfbout_PLL                                                                                                                                              | SynClock.Global_CLK_PLL/inst/clkfbout_PLL                                                                                                                                              |            20.0 |
| dbg_hub/inst/BSCANID.u_xsdbm_id/SWITCH_N_EXT_BSCAN.bscan_inst/SERIES7_BSCAN.bscan_inst/TCK                                                                | dbg_hub/inst/BSCANID.u_xsdbm_id/SWITCH_N_EXT_BSCAN.bscan_inst/tck_bs                                                                                                                   |            33.0 |
| freq_refclk                                                                                                                                               | DDR/u_MIG/u_MIG_mig/u_ddr3_infrastructure/freq_refclk                                                                                                                                  |             1.5 |
| iserdes_clkdiv                                                                                                                                            | DDR/u_MIG/u_MIG_mig/u_memc_ui_top_axi/mem_intfc0/ddr_phy_top0/u_ddr_mc_phy_wrapper/u_ddr_mc_phy/ddr_phy_4lanes_0.u_ddr_phy_4lanes/ddr_byte_lane_A.ddr_byte_lane_A/iserdes_clkdiv       |            12.0 |
| iserdes_clkdiv_1                                                                                                                                          | DDR/u_MIG/u_MIG_mig/u_memc_ui_top_axi/mem_intfc0/ddr_phy_top0/u_ddr_mc_phy_wrapper/u_ddr_mc_phy/ddr_phy_4lanes_0.u_ddr_phy_4lanes/ddr_byte_lane_B.ddr_byte_lane_B/iserdes_clkdiv       |            12.0 |
| iserdes_clkdiv_2                                                                                                                                          | DDR/u_MIG/u_MIG_mig/u_memc_ui_top_axi/mem_intfc0/ddr_phy_top0/u_ddr_mc_phy_wrapper/u_ddr_mc_phy/ddr_phy_4lanes_0.u_ddr_phy_4lanes/ddr_byte_lane_C.ddr_byte_lane_C/iserdes_clkdiv       |            12.0 |
| iserdes_clkdiv_3                                                                                                                                          | DDR/u_MIG/u_MIG_mig/u_memc_ui_top_axi/mem_intfc0/ddr_phy_top0/u_ddr_mc_phy_wrapper/u_ddr_mc_phy/ddr_phy_4lanes_0.u_ddr_phy_4lanes/ddr_byte_lane_D.ddr_byte_lane_D/iserdes_clkdiv       |            12.0 |
| mem_refclk                                                                                                                                                | DDR/u_MIG/u_MIG_mig/u_ddr3_infrastructure/mem_refclk                                                                                                                                   |             3.0 |
| oserdes_clk                                                                                                                                               | DDR/u_MIG/u_MIG_mig/u_memc_ui_top_axi/mem_intfc0/ddr_phy_top0/u_ddr_mc_phy_wrapper/u_ddr_mc_phy/ddr_phy_4lanes_0.u_ddr_phy_4lanes/ddr_byte_lane_A.ddr_byte_lane_A/oserdes_clk          |             3.0 |
| oserdes_clk_1                                                                                                                                             | DDR/u_MIG/u_MIG_mig/u_memc_ui_top_axi/mem_intfc0/ddr_phy_top0/u_ddr_mc_phy_wrapper/u_ddr_mc_phy/ddr_phy_4lanes_0.u_ddr_phy_4lanes/ddr_byte_lane_B.ddr_byte_lane_B/oserdes_clk          |             3.0 |
| oserdes_clk_2                                                                                                                                             | DDR/u_MIG/u_MIG_mig/u_memc_ui_top_axi/mem_intfc0/ddr_phy_top0/u_ddr_mc_phy_wrapper/u_ddr_mc_phy/ddr_phy_4lanes_0.u_ddr_phy_4lanes/ddr_byte_lane_C.ddr_byte_lane_C/oserdes_clk          |             3.0 |
| oserdes_clk_3                                                                                                                                             | DDR/u_MIG/u_MIG_mig/u_memc_ui_top_axi/mem_intfc0/ddr_phy_top0/u_ddr_mc_phy_wrapper/u_ddr_mc_phy/ddr_phy_4lanes_0.u_ddr_phy_4lanes/ddr_byte_lane_D.ddr_byte_lane_D/oserdes_clk          |             3.0 |
| oserdes_clk_4                                                                                                                                             | DDR/u_MIG/u_MIG_mig/u_memc_ui_top_axi/mem_intfc0/ddr_phy_top0/u_ddr_mc_phy_wrapper/u_ddr_mc_phy/ddr_phy_4lanes_1.u_ddr_phy_4lanes/ddr_byte_lane_B.ddr_byte_lane_B/oserdes_clk          |             3.0 |
| oserdes_clk_5                                                                                                                                             | DDR/u_MIG/u_MIG_mig/u_memc_ui_top_axi/mem_intfc0/ddr_phy_top0/u_ddr_mc_phy_wrapper/u_ddr_mc_phy/ddr_phy_4lanes_1.u_ddr_phy_4lanes/ddr_byte_lane_C.ddr_byte_lane_C/oserdes_clk          |             3.0 |
| oserdes_clk_6                                                                                                                                             | DDR/u_MIG/u_MIG_mig/u_memc_ui_top_axi/mem_intfc0/ddr_phy_top0/u_ddr_mc_phy_wrapper/u_ddr_mc_phy/ddr_phy_4lanes_1.u_ddr_phy_4lanes/ddr_byte_lane_D.ddr_byte_lane_D/oserdes_clk          |             3.0 |
| oserdes_clkdiv                                                                                                                                            | DDR/u_MIG/u_MIG_mig/u_memc_ui_top_axi/mem_intfc0/ddr_phy_top0/u_ddr_mc_phy_wrapper/u_ddr_mc_phy/ddr_phy_4lanes_0.u_ddr_phy_4lanes/ddr_byte_lane_A.ddr_byte_lane_A/oserdes_clkdiv       |             6.0 |
| oserdes_clkdiv_1                                                                                                                                          | DDR/u_MIG/u_MIG_mig/u_memc_ui_top_axi/mem_intfc0/ddr_phy_top0/u_ddr_mc_phy_wrapper/u_ddr_mc_phy/ddr_phy_4lanes_0.u_ddr_phy_4lanes/ddr_byte_lane_B.ddr_byte_lane_B/oserdes_clkdiv       |             6.0 |
| oserdes_clkdiv_2                                                                                                                                          | DDR/u_MIG/u_MIG_mig/u_memc_ui_top_axi/mem_intfc0/ddr_phy_top0/u_ddr_mc_phy_wrapper/u_ddr_mc_phy/ddr_phy_4lanes_0.u_ddr_phy_4lanes/ddr_byte_lane_C.ddr_byte_lane_C/oserdes_clkdiv       |             6.0 |
| oserdes_clkdiv_3                                                                                                                                          | DDR/u_MIG/u_MIG_mig/u_memc_ui_top_axi/mem_intfc0/ddr_phy_top0/u_ddr_mc_phy_wrapper/u_ddr_mc_phy/ddr_phy_4lanes_0.u_ddr_phy_4lanes/ddr_byte_lane_D.ddr_byte_lane_D/oserdes_clkdiv       |             6.0 |
| oserdes_clkdiv_4                                                                                                                                          | DDR/u_MIG/u_MIG_mig/u_memc_ui_top_axi/mem_intfc0/ddr_phy_top0/u_ddr_mc_phy_wrapper/u_ddr_mc_phy/ddr_phy_4lanes_1.u_ddr_phy_4lanes/ddr_byte_lane_B.ddr_byte_lane_B/oserdes_clkdiv       |            12.0 |
| oserdes_clkdiv_5                                                                                                                                          | DDR/u_MIG/u_MIG_mig/u_memc_ui_top_axi/mem_intfc0/ddr_phy_top0/u_ddr_mc_phy_wrapper/u_ddr_mc_phy/ddr_phy_4lanes_1.u_ddr_phy_4lanes/ddr_byte_lane_C.ddr_byte_lane_C/oserdes_clkdiv       |            12.0 |
| oserdes_clkdiv_6                                                                                                                                          | DDR/u_MIG/u_MIG_mig/u_memc_ui_top_axi/mem_intfc0/ddr_phy_top0/u_ddr_mc_phy_wrapper/u_ddr_mc_phy/ddr_phy_4lanes_1.u_ddr_phy_4lanes/ddr_byte_lane_D.ddr_byte_lane_D/oserdes_clkdiv       |            12.0 |
| pll_clk3_out                                                                                                                                              | DDR/u_MIG/u_MIG_mig/u_ddr3_infrastructure/pll_clk3_out                                                                                                                                 |            12.0 |
| pll_clkfbout                                                                                                                                              | DDR/u_MIG/u_MIG_mig/u_ddr3_infrastructure/pll_clkfbout                                                                                                                                 |             6.0 |
| sync_pulse                                                                                                                                                | DDR/u_MIG/u_MIG_mig/u_ddr3_infrastructure/sync_pulse                                                                                                                                   |            48.0 |
| u_memc_ui_top_axi/mem_intfc0/ddr_phy_top0/u_ddr_mc_phy_wrapper/u_ddr_mc_phy/ddr_phy_4lanes_0.u_ddr_phy_4lanes/ddr_byte_lane_A.ddr_byte_lane_A/iserdes_clk | DDR/u_MIG/u_MIG_mig/u_memc_ui_top_axi/mem_intfc0/ddr_phy_top0/u_ddr_mc_phy_wrapper/u_ddr_mc_phy/ddr_phy_4lanes_0.u_ddr_phy_4lanes/ddr_byte_lane_A.ddr_byte_lane_A/A_rst_primitives_reg |             3.0 |
| u_memc_ui_top_axi/mem_intfc0/ddr_phy_top0/u_ddr_mc_phy_wrapper/u_ddr_mc_phy/ddr_phy_4lanes_0.u_ddr_phy_4lanes/ddr_byte_lane_B.ddr_byte_lane_B/iserdes_clk | DDR/u_MIG/u_MIG_mig/u_memc_ui_top_axi/mem_intfc0/ddr_phy_top0/u_ddr_mc_phy_wrapper/u_ddr_mc_phy/ddr_phy_4lanes_0.u_ddr_phy_4lanes/ddr_byte_lane_B.ddr_byte_lane_B/A_rst_primitives_reg |             3.0 |
| u_memc_ui_top_axi/mem_intfc0/ddr_phy_top0/u_ddr_mc_phy_wrapper/u_ddr_mc_phy/ddr_phy_4lanes_0.u_ddr_phy_4lanes/ddr_byte_lane_C.ddr_byte_lane_C/iserdes_clk | DDR/u_MIG/u_MIG_mig/u_memc_ui_top_axi/mem_intfc0/ddr_phy_top0/u_ddr_mc_phy_wrapper/u_ddr_mc_phy/ddr_phy_4lanes_0.u_ddr_phy_4lanes/ddr_byte_lane_C.ddr_byte_lane_C/A_rst_primitives_reg |             3.0 |
| u_memc_ui_top_axi/mem_intfc0/ddr_phy_top0/u_ddr_mc_phy_wrapper/u_ddr_mc_phy/ddr_phy_4lanes_0.u_ddr_phy_4lanes/ddr_byte_lane_D.ddr_byte_lane_D/iserdes_clk | DDR/u_MIG/u_MIG_mig/u_memc_ui_top_axi/mem_intfc0/ddr_phy_top0/u_ddr_mc_phy_wrapper/u_ddr_mc_phy/ddr_phy_4lanes_0.u_ddr_phy_4lanes/ddr_byte_lane_D.ddr_byte_lane_D/A_rst_primitives_reg |             3.0 |
+-----------------------------------------------------------------------------------------------------------------------------------------------------------+----------------------------------------------------------------------------------------------------------------------------------------------------------------------------------------+-----------------+


3. Detailed Reports
-------------------

3.1 By Hierarchy
----------------

+---------------------------+-----------+
| Name                      | Power (W) |
+---------------------------+-----------+
| CortexM3_Soc              |     1.274 |
|   CAMEARA                 |     0.019 |
|     DuRAM                 |     0.019 |
|   CortexM3_Core           |     0.023 |
|   DDR                     |     1.043 |
|     u_FIFO                |     0.007 |
|       U0                  |     0.007 |
|     u_MIG                 |     0.970 |
|       u_MIG_mig           |     0.970 |
|     u_MMCM                |     0.065 |
|       inst                |     0.065 |
|   DTCM                    |     0.003 |
|   ITCM                    |     0.003 |
|   SynClock.Global_CLK_PLL |     0.098 |
|     inst                  |     0.098 |
|   TIMER                   |     0.005 |
|   dbg_hub                 |     0.002 |
|     inst                  |     0.002 |
|       BSCANID.u_xsdbm_id  |     0.002 |
|   u_ila_0                 |     0.002 |
|     inst                  |     0.002 |
|       ila_core_inst       |     0.002 |
|   u_ila_1                 |     0.003 |
|     inst                  |     0.003 |
|       ila_core_inst       |     0.003 |
+---------------------------+-----------+


