


ARM Macro Assembler    Page 1 


    1 00000000         ;/******************************************************
                       ********************//**
    2 00000000         ; * @file     startup_CM3DS_MPS2.s
    3 00000000         ; * @brief    CMSIS Cortex-M3 Core Device Startup File f
                       or
    4 00000000         ; *           Device CM3DS_MPS2
    5 00000000         ; * @version  V3.01
    6 00000000         ; * @date     06. March 2012
    7 00000000         ; *
    8 00000000         ; * @note
    9 00000000         ; * Copyright (C) 2012,2017 ARM Limited. All rights rese
                       rved.
   10 00000000         ; *
   11 00000000         ; * @par
   12 00000000         ; * ARM Limited (ARM) is supplying this software for use
                        with Cortex-M
   13 00000000         ; * processor based microcontrollers.  This file can be 
                       freely distributed
   14 00000000         ; * within development tools that are supporting such AR
                       M based processors.
   15 00000000         ; *
   16 00000000         ; * @par
   17 00000000         ; * THIS SOFTWARE IS PROVIDED "AS IS".  NO WARRANTIES, W
                       HETHER EXPRESS, IMPLIED
   18 00000000         ; * OR STATUTORY, INCLUDING, BUT NOT LIMITED TO, IMPLIED
                        WARRANTIES OF
   19 00000000         ; * MERCHANTABILITY AND FITNESS FOR A PARTICULAR PURPOSE
                        APPLY TO THIS SOFTWARE.
   20 00000000         ; * ARM SHALL NOT, IN ANY CIRCUMSTANCES, BE LIABLE FOR S
                       PECIAL, INCIDENTAL, OR
   21 00000000         ; * CONSEQUENTIAL DAMAGES, FOR ANY REASON WHATSOEVER.
   22 00000000         ; *
   23 00000000         ; ******************************************************
                       ************************/
   24 00000000         ;/*
   25 00000000         ;//-------- <<< Use Configuration Wizard in Context Menu
                        >>> ------------------
   26 00000000         ;*/
   27 00000000         
   28 00000000         
   29 00000000         ; <h> Stack Configuration
   30 00000000         ;   <o> Stack Size (in Bytes) <0x0-0xFFFFFFFF:8>
   31 00000000         ; </h>
   32 00000000         
   33 00000000 00008000 
                       Stack_Size
                               EQU              0x00008000
   34 00000000         
   35 00000000                 AREA             STACK, NOINIT, READWRITE, ALIGN
=3
   36 00000000         Stack_Mem
                               SPACE            Stack_Size
   37 00008000         __initial_sp
   38 00008000         
   39 00008000         
   40 00008000         ; <h> Heap Configuration
   41 00008000         ;   <o>  Heap Size (in Bytes) <0x0-0xFFFFFFFF:8>
   42 00008000         ; </h>
   43 00008000         



ARM Macro Assembler    Page 2 


   44 00008000 00008000 
                       Heap_Size
                               EQU              0x00008000
   45 00008000         
   46 00008000                 AREA             HEAP, NOINIT, READWRITE, ALIGN=
3
   47 00000000         __heap_base
   48 00000000         Heap_Mem
                               SPACE            Heap_Size
   49 00008000         __heap_limit
   50 00008000         
   51 00008000         
   52 00008000                 PRESERVE8
   53 00008000                 THUMB
   54 00008000         
   55 00008000         
   56 00008000         ; Vector Table Mapped to Address 0 at Reset
   57 00008000         
   58 00008000                 AREA             RESET, DATA, READONLY
   59 00000000                 EXPORT           __Vectors
   60 00000000                 EXPORT           __Vectors_End
   61 00000000                 EXPORT           __Vectors_Size
   62 00000000         
   63 00000000 00000000 
                       __Vectors
                               DCD              __initial_sp ; Top of Stack
   64 00000004 00000000        DCD              Reset_Handler ; Reset Handler
   65 00000008 00000000        DCD              NMI_Handler ; NMI Handler
   66 0000000C 00000000        DCD              HardFault_Handler ; Hard Fault 
                                                            Handler
   67 00000010 00000000        DCD              MemManage_Handler 
                                                            ; MPU Fault Handler
                                                            
   68 00000014 00000000        DCD              BusFault_Handler 
                                                            ; Bus Fault Handler
                                                            
   69 00000018 00000000        DCD              UsageFault_Handler ; Usage Faul
                                                            t Handler
   70 0000001C 00000000        DCD              0           ; Reserved
   71 00000020 00000000        DCD              0           ; Reserved
   72 00000024 00000000        DCD              0           ; Reserved
   73 00000028 00000000        DCD              0           ; Reserved
   74 0000002C 00000000        DCD              SVC_Handler ; SVCall Handler
   75 00000030 00000000        DCD              DebugMon_Handler ; Debug Monito
                                                            r Handler
   76 00000034 00000000        DCD              0           ; Reserved
   77 00000038 00000000        DCD              PendSV_Handler ; PendSV Handler
                                                            
   78 0000003C 00000000        DCD              SysTick_Handler 
                                                            ; SysTick Handler
   79 00000040         
   80 00000040         ; External Interrupts
   81 00000040 00000000        DCD              KEY0_Handler
   82 00000044 00000000        DCD              KEY1_Handler
   83 00000048 00000000        DCD              KEY2_Handler
   84 0000004C 00000000        DCD              KEY3_Handler
   85 00000050         
   86 00000050 00000000        DCD              UARTRX_Handler 
                                                            ; UART RX Handler



ARM Macro Assembler    Page 3 


   87 00000054 00000000        DCD              UARTTX_Handler 
                                                            ; UART TX Handler
   88 00000058 00000000        DCD              UARTOVR_Handler ; UART RX and T
                                                            X OVERRIDE Handler
   89 0000005C         
   90 0000005C 00000000        DCD              DMAWakeup_Handler
   91 00000060         
   92 00000060 00000000        DCD              ACCConvDone_Handler ; ACC Conve
                                                            rlution Done Handle
                                                            r
   93 00000064 00000000        DCD              ACCNoFace_Handler ; ACC No Face
                                                             Detected Handler
   94 00000068 00000000        DCD              ACCReadResults_Handler ; ACC Ca
                                                            n Read Results Hand
                                                            ler
   95 0000006C         
   96 0000006C 00000000        DCD              RESIZERDone_Handler ; RESIZER W
                                                            orks Done Handler
   97 00000070         
   98 00000070         __Vectors_End
   99 00000070         
  100 00000070 00000070 
                       __Vectors_Size
                               EQU              __Vectors_End - __Vectors
  101 00000070         
  102 00000070                 AREA             |.text|, CODE, READONLY
  103 00000000         
  104 00000000         
  105 00000000         ; Reset Handler
  106 00000000         
  107 00000000         Reset_Handler
                               PROC
  108 00000000                 EXPORT           Reset_Handler             [WEAK
]
  109 00000000                 IMPORT           SystemInit
  110 00000000                 IMPORT           __main
  111 00000000         ;IMPORT  main
  112 00000000 482A            LDR              R0, =SystemInit
  113 00000002 4780            BLX              R0
  114 00000004 482A            LDR              R0, =__main
  115 00000006         ;LDR     R0, =main
  116 00000006 4700            BX               R0
  117 00000008                 ENDP
  118 00000008         
  119 00000008         
  120 00000008         ; Dummy Exception Handlers (infinite loops which can be 
                       modified)
  121 00000008         
  122 00000008         NMI_Handler
                               PROC
  123 00000008                 EXPORT           NMI_Handler               [WEAK
]
  124 00000008                 IMPORT           NMIHandler
  125 00000008 B500            PUSH             {LR}
  126 0000000A F7FF FFFE       BL               NMIHandler
  127 0000000E BD00            POP              {PC}
  128 00000010                 ENDP
  129 00000010         
  130 00000010         HardFault_Handler



ARM Macro Assembler    Page 4 


                               PROC
  131 00000010                 EXPORT           HardFault_Handler         [WEAK
]
  132 00000010                 IMPORT           HardFaultHandler
  133 00000010 B500            PUSH             {LR}
  134 00000012 F7FF FFFE       BL               HardFaultHandler
  135 00000016 BD00            POP              {PC}
  136 00000018                 ENDP
  137 00000018         
  138 00000018         MemManage_Handler
                               PROC
  139 00000018                 EXPORT           MemManage_Handler         [WEAK
]
  140 00000018                 IMPORT           MemManageHandler
  141 00000018 B500            PUSH             {LR}
  142 0000001A F7FF FFFE       BL               MemManageHandler
  143 0000001E BD00            POP              {PC}
  144 00000020                 ENDP
  145 00000020         
  146 00000020         BusFault_Handler
                               PROC
  147 00000020                 EXPORT           BusFault_Handler          [WEAK
]
  148 00000020                 IMPORT           BusFaultHandler
  149 00000020 B500            PUSH             {LR}
  150 00000022 F7FF FFFE       BL               BusFaultHandler
  151 00000026 BD00            POP              {PC}
  152 00000028                 ENDP
  153 00000028         
  154 00000028         UsageFault_Handler
                               PROC
  155 00000028                 EXPORT           UsageFault_Handler        [WEAK
]
  156 00000028                 IMPORT           UsageFaultHandler
  157 00000028 B500            PUSH             {LR}
  158 0000002A F7FF FFFE       BL               UsageFaultHandler
  159 0000002E BD00            POP              {PC}
  160 00000030                 ENDP
  161 00000030         
  162 00000030         SVC_Handler
                               PROC
  163 00000030                 EXPORT           SVC_Handler               [WEAK
]
  164 00000030                 IMPORT           SVCHandler
  165 00000030 B500            PUSH             {LR}
  166 00000032 F7FF FFFE       BL               SVCHandler
  167 00000036 BD00            POP              {PC}
  168 00000038                 ENDP
  169 00000038         
  170 00000038         DebugMon_Handler
                               PROC
  171 00000038                 EXPORT           DebugMon_Handler          [WEAK
]
  172 00000038                 IMPORT           DebugMonHandler
  173 00000038 B500            PUSH             {LR}
  174 0000003A F7FF FFFE       BL               DebugMonHandler
  175 0000003E BD00            POP              {PC}
  176 00000040                 ENDP
  177 00000040         



ARM Macro Assembler    Page 5 


  178 00000040         PendSV_Handler
                               PROC
  179 00000040                 EXPORT           PendSV_Handler            [WEAK
]
  180 00000040                 IMPORT           PendSVHandler
  181 00000040 B500            PUSH             {LR}
  182 00000042 F7FF FFFE       BL               PendSVHandler
  183 00000046 BD00            POP              {PC}
  184 00000048                 ENDP
  185 00000048         
  186 00000048         SysTick_Handler
                               PROC
  187 00000048                 EXPORT           SysTick_Handler           [WEAK
]
  188 00000048                 IMPORT           SysTickHandler
  189 00000048 B500            PUSH             {LR}
  190 0000004A F7FF FFFE       BL               SysTickHandler
  191 0000004E BD00            POP              {PC}
  192 00000050                 ENDP
  193 00000050         
  194 00000050         ; External Handlers
  195 00000050         UARTRX_Handler
                               PROC
  196 00000050                 EXPORT           UARTRX_Handler             [WEA
K]
  197 00000050                 IMPORT           UARTRXHandler
  198 00000050 B500            PUSH             {LR}
  199 00000052 F7FF FFFE       BL               UARTRXHandler
  200 00000056 BD00            POP              {PC}
  201 00000058                 ENDP
  202 00000058         
  203 00000058         UARTTX_Handler
                               PROC
  204 00000058                 EXPORT           UARTTX_Handler             [WEA
K]
  205 00000058                 IMPORT           UARTTXHandler
  206 00000058 B500            PUSH             {LR}
  207 0000005A F7FF FFFE       BL               UARTTXHandler
  208 0000005E BD00            POP              {PC}
  209 00000060                 ENDP
  210 00000060         
  211 00000060         UARTOVR_Handler
                               PROC
  212 00000060                 EXPORT           UARTOVR_Handler             [WE
AK]
  213 00000060                 IMPORT           UARTOVRHandler
  214 00000060 B500            PUSH             {LR}
  215 00000062 F7FF FFFE       BL               UARTOVRHandler
  216 00000066 BD00            POP              {PC}
  217 00000068                 ENDP
  218 00000068         
  219 00000068         ACCConvDone_Handler
                               PROC
  220 00000068                 EXPORT           ACCConvDone_Handler            
 [WEAK]
  221 00000068                 IMPORT           ACCConvDoneHandler
  222 00000068 B500            PUSH             {LR}
  223 0000006A F7FF FFFE       BL               ACCConvDoneHandler
  224 0000006E BD00            POP              {PC}



ARM Macro Assembler    Page 6 


  225 00000070                 ENDP
  226 00000070         
  227 00000070         ACCNoFace_Handler
                               PROC
  228 00000070                 EXPORT           ACCNoFace_Handler             [
WEAK]
  229 00000070                 IMPORT           ACCNoFaceHandler
  230 00000070 B500            PUSH             {LR}
  231 00000072 F7FF FFFE       BL               ACCNoFaceHandler
  232 00000076 BD00            POP              {PC}
  233 00000078                 ENDP
  234 00000078         
  235 00000078         ACCReadResults_Handler
                               PROC
  236 00000078                 EXPORT           ACCReadResults_Handler         
    [WEAK]
  237 00000078                 IMPORT           ACCReadResultsHandler
  238 00000078 B500            PUSH             {LR}
  239 0000007A F7FF FFFE       BL               ACCReadResultsHandler
  240 0000007E BD00            POP              {PC}
  241 00000080                 ENDP
  242 00000080         
  243 00000080         DMAWakeup_Handler
                               PROC
  244 00000080                 EXPORT           DMAWakeup_Handler            [W
EAK]
  245 00000080 4770            BX               LR
  246 00000082                 ENDP
  247 00000082         
  248 00000082         KEY0_Handler
                               PROC
  249 00000082                 EXPORT           KEY0_Handler            [WEAK]
  250 00000082                 IMPORT           Key0Handler
  251 00000082 B507            PUSH             {R0,R1,R2,LR}
  252 00000084 F7FF FFFE       BL               Key0Handler
  253 00000088 BD07            POP              {R0,R1,R2,PC}
  254 0000008A                 ENDP
  255 0000008A         
  256 0000008A         KEY1_Handler
                               PROC
  257 0000008A                 EXPORT           KEY1_Handler            [WEAK]
  258 0000008A                 IMPORT           Key1Handler
  259 0000008A B507            PUSH             {R0,R1,R2,LR}
  260 0000008C F7FF FFFE       BL               Key1Handler
  261 00000090 BD07            POP              {R0,R1,R2,PC}
  262 00000092                 ENDP
  263 00000092         
  264 00000092         KEY2_Handler
                               PROC
  265 00000092                 EXPORT           KEY2_Handler            [WEAK]
  266 00000092                 IMPORT           Key2Handler
  267 00000092 B507            PUSH             {R0,R1,R2,LR}
  268 00000094 F7FF FFFE       BL               Key2Handler
  269 00000098 BD07            POP              {R0,R1,R2,PC}
  270 0000009A                 ENDP
  271 0000009A         
  272 0000009A         KEY3_Handler
                               PROC
  273 0000009A                 EXPORT           KEY3_Handler            [WEAK]



ARM Macro Assembler    Page 7 


  274 0000009A                 IMPORT           Key3Handler
  275 0000009A B507            PUSH             {R0,R1,R2,LR}
  276 0000009C F7FF FFFE       BL               Key3Handler
  277 000000A0 BD07            POP              {R0,R1,R2,PC}
  278 000000A2                 ENDP
  279 000000A2         
  280 000000A2         RESIZERDone_Handler
                               PROC
  281 000000A2                 EXPORT           RESIZERDone_Handler            
  [WEAK]
  282 000000A2                 IMPORT           ResizerDoneHandler
  283 000000A2 B507            PUSH             {R0,R1,R2,LR}
  284 000000A4 F7FF FFFE       BL               ResizerDoneHandler
  285 000000A8 BD07            POP              {R0,R1,R2,PC}
  286 000000AA                 ENDP
  287 000000AA         
  288 000000AA 00 00           ALIGN
  289 000000AC         
  290 000000AC         
  291 000000AC         ; User Initial Stack & Heap
  292 000000AC         
  293 000000AC                 IF               :DEF:__MICROLIB
  294 000000AC         
  295 000000AC                 EXPORT           __initial_sp
  296 000000AC                 EXPORT           __heap_base
  297 000000AC                 EXPORT           __heap_limit
  298 000000AC         
  299 000000AC                 ELSE
  314                          ENDIF
  315 000000AC         
  316 000000AC         
  317 000000AC                 END
              00000000 
              00000000 
Command Line: --debug --xref --diag_suppress=9931 --cpu=Cortex-M3 --apcs=interw
ork --depend=.\startup_cm3ds.d -o.\startup_cm3ds.o -I.\RTE\_Target_1 -I"D:\Prog
ram Files\Keil\Keil_v5\Arm\Packs\Keil\V2M-MPS2_CMx_BSP\1.7.0\Device\CMSDK_CM3\I
nclude" -I"D:\Program Files\Keil\Keil_v5\ARM\CMSIS\Include" --predefine="__MICR
OLIB SETA 1" --predefine="__UVISION_VERSION SETA 529" --predefine="CMSDK_CM3 SE
TA 1" --list=.\listings\startup_cm3ds.lst ..\Software\no_camera_new\startup_CM3
DS.s



ARM Macro Assembler    Page 1 Alphabetic symbol ordering
Relocatable symbols

STACK 00000000

Symbol: STACK
   Definitions
      At line 35 in file ..\Software\no_camera_new\startup_CM3DS.s
   Uses
      None
Comment: STACK unused
Stack_Mem 00000000

Symbol: Stack_Mem
   Definitions
      At line 36 in file ..\Software\no_camera_new\startup_CM3DS.s
   Uses
      None
Comment: Stack_Mem unused
__initial_sp 00008000

Symbol: __initial_sp
   Definitions
      At line 37 in file ..\Software\no_camera_new\startup_CM3DS.s
   Uses
      At line 63 in file ..\Software\no_camera_new\startup_CM3DS.s
      At line 295 in file ..\Software\no_camera_new\startup_CM3DS.s

3 symbols



ARM Macro Assembler    Page 1 Alphabetic symbol ordering
Relocatable symbols

HEAP 00000000

Symbol: HEAP
   Definitions
      At line 46 in file ..\Software\no_camera_new\startup_CM3DS.s
   Uses
      None
Comment: HEAP unused
Heap_Mem 00000000

Symbol: Heap_Mem
   Definitions
      At line 48 in file ..\Software\no_camera_new\startup_CM3DS.s
   Uses
      None
Comment: Heap_Mem unused
__heap_base 00000000

Symbol: __heap_base
   Definitions
      At line 47 in file ..\Software\no_camera_new\startup_CM3DS.s
   Uses
      At line 296 in file ..\Software\no_camera_new\startup_CM3DS.s
Comment: __heap_base used once
__heap_limit 00008000

Symbol: __heap_limit
   Definitions
      At line 49 in file ..\Software\no_camera_new\startup_CM3DS.s
   Uses
      At line 297 in file ..\Software\no_camera_new\startup_CM3DS.s
Comment: __heap_limit used once
4 symbols



ARM Macro Assembler    Page 1 Alphabetic symbol ordering
Relocatable symbols

RESET 00000000

Symbol: RESET
   Definitions
      At line 58 in file ..\Software\no_camera_new\startup_CM3DS.s
   Uses
      None
Comment: RESET unused
__Vectors 00000000

Symbol: __Vectors
   Definitions
      At line 63 in file ..\Software\no_camera_new\startup_CM3DS.s
   Uses
      At line 59 in file ..\Software\no_camera_new\startup_CM3DS.s
      At line 100 in file ..\Software\no_camera_new\startup_CM3DS.s

__Vectors_End 00000070

Symbol: __Vectors_End
   Definitions
      At line 98 in file ..\Software\no_camera_new\startup_CM3DS.s
   Uses
      At line 60 in file ..\Software\no_camera_new\startup_CM3DS.s
      At line 100 in file ..\Software\no_camera_new\startup_CM3DS.s

3 symbols



ARM Macro Assembler    Page 1 Alphabetic symbol ordering
Relocatable symbols

.text 00000000

Symbol: .text
   Definitions
      At line 102 in file ..\Software\no_camera_new\startup_CM3DS.s
   Uses
      None
Comment: .text unused
ACCConvDone_Handler 00000068

Symbol: ACCConvDone_Handler
   Definitions
      At line 219 in file ..\Software\no_camera_new\startup_CM3DS.s
   Uses
      At line 92 in file ..\Software\no_camera_new\startup_CM3DS.s
      At line 220 in file ..\Software\no_camera_new\startup_CM3DS.s

ACCNoFace_Handler 00000070

Symbol: ACCNoFace_Handler
   Definitions
      At line 227 in file ..\Software\no_camera_new\startup_CM3DS.s
   Uses
      At line 93 in file ..\Software\no_camera_new\startup_CM3DS.s
      At line 228 in file ..\Software\no_camera_new\startup_CM3DS.s

ACCReadResults_Handler 00000078

Symbol: ACCReadResults_Handler
   Definitions
      At line 235 in file ..\Software\no_camera_new\startup_CM3DS.s
   Uses
      At line 94 in file ..\Software\no_camera_new\startup_CM3DS.s
      At line 236 in file ..\Software\no_camera_new\startup_CM3DS.s

BusFault_Handler 00000020

Symbol: BusFault_Handler
   Definitions
      At line 146 in file ..\Software\no_camera_new\startup_CM3DS.s
   Uses
      At line 68 in file ..\Software\no_camera_new\startup_CM3DS.s
      At line 147 in file ..\Software\no_camera_new\startup_CM3DS.s

DMAWakeup_Handler 00000080

Symbol: DMAWakeup_Handler
   Definitions
      At line 243 in file ..\Software\no_camera_new\startup_CM3DS.s
   Uses
      At line 90 in file ..\Software\no_camera_new\startup_CM3DS.s
      At line 244 in file ..\Software\no_camera_new\startup_CM3DS.s

DebugMon_Handler 00000038

Symbol: DebugMon_Handler
   Definitions
      At line 170 in file ..\Software\no_camera_new\startup_CM3DS.s
   Uses



ARM Macro Assembler    Page 2 Alphabetic symbol ordering
Relocatable symbols

      At line 75 in file ..\Software\no_camera_new\startup_CM3DS.s
      At line 171 in file ..\Software\no_camera_new\startup_CM3DS.s

HardFault_Handler 00000010

Symbol: HardFault_Handler
   Definitions
      At line 130 in file ..\Software\no_camera_new\startup_CM3DS.s
   Uses
      At line 66 in file ..\Software\no_camera_new\startup_CM3DS.s
      At line 131 in file ..\Software\no_camera_new\startup_CM3DS.s

KEY0_Handler 00000082

Symbol: KEY0_Handler
   Definitions
      At line 248 in file ..\Software\no_camera_new\startup_CM3DS.s
   Uses
      At line 81 in file ..\Software\no_camera_new\startup_CM3DS.s
      At line 249 in file ..\Software\no_camera_new\startup_CM3DS.s

KEY1_Handler 0000008A

Symbol: KEY1_Handler
   Definitions
      At line 256 in file ..\Software\no_camera_new\startup_CM3DS.s
   Uses
      At line 82 in file ..\Software\no_camera_new\startup_CM3DS.s
      At line 257 in file ..\Software\no_camera_new\startup_CM3DS.s

KEY2_Handler 00000092

Symbol: KEY2_Handler
   Definitions
      At line 264 in file ..\Software\no_camera_new\startup_CM3DS.s
   Uses
      At line 83 in file ..\Software\no_camera_new\startup_CM3DS.s
      At line 265 in file ..\Software\no_camera_new\startup_CM3DS.s

KEY3_Handler 0000009A

Symbol: KEY3_Handler
   Definitions
      At line 272 in file ..\Software\no_camera_new\startup_CM3DS.s
   Uses
      At line 84 in file ..\Software\no_camera_new\startup_CM3DS.s
      At line 273 in file ..\Software\no_camera_new\startup_CM3DS.s

MemManage_Handler 00000018

Symbol: MemManage_Handler
   Definitions
      At line 138 in file ..\Software\no_camera_new\startup_CM3DS.s
   Uses
      At line 67 in file ..\Software\no_camera_new\startup_CM3DS.s
      At line 139 in file ..\Software\no_camera_new\startup_CM3DS.s

NMI_Handler 00000008




ARM Macro Assembler    Page 3 Alphabetic symbol ordering
Relocatable symbols

Symbol: NMI_Handler
   Definitions
      At line 122 in file ..\Software\no_camera_new\startup_CM3DS.s
   Uses
      At line 65 in file ..\Software\no_camera_new\startup_CM3DS.s
      At line 123 in file ..\Software\no_camera_new\startup_CM3DS.s

PendSV_Handler 00000040

Symbol: PendSV_Handler
   Definitions
      At line 178 in file ..\Software\no_camera_new\startup_CM3DS.s
   Uses
      At line 77 in file ..\Software\no_camera_new\startup_CM3DS.s
      At line 179 in file ..\Software\no_camera_new\startup_CM3DS.s

RESIZERDone_Handler 000000A2

Symbol: RESIZERDone_Handler
   Definitions
      At line 280 in file ..\Software\no_camera_new\startup_CM3DS.s
   Uses
      At line 96 in file ..\Software\no_camera_new\startup_CM3DS.s
      At line 281 in file ..\Software\no_camera_new\startup_CM3DS.s

Reset_Handler 00000000

Symbol: Reset_Handler
   Definitions
      At line 107 in file ..\Software\no_camera_new\startup_CM3DS.s
   Uses
      At line 64 in file ..\Software\no_camera_new\startup_CM3DS.s
      At line 108 in file ..\Software\no_camera_new\startup_CM3DS.s

SVC_Handler 00000030

Symbol: SVC_Handler
   Definitions
      At line 162 in file ..\Software\no_camera_new\startup_CM3DS.s
   Uses
      At line 74 in file ..\Software\no_camera_new\startup_CM3DS.s
      At line 163 in file ..\Software\no_camera_new\startup_CM3DS.s

SysTick_Handler 00000048

Symbol: SysTick_Handler
   Definitions
      At line 186 in file ..\Software\no_camera_new\startup_CM3DS.s
   Uses
      At line 78 in file ..\Software\no_camera_new\startup_CM3DS.s
      At line 187 in file ..\Software\no_camera_new\startup_CM3DS.s

UARTOVR_Handler 00000060

Symbol: UARTOVR_Handler
   Definitions
      At line 211 in file ..\Software\no_camera_new\startup_CM3DS.s
   Uses
      At line 88 in file ..\Software\no_camera_new\startup_CM3DS.s



ARM Macro Assembler    Page 4 Alphabetic symbol ordering
Relocatable symbols

      At line 212 in file ..\Software\no_camera_new\startup_CM3DS.s

UARTRX_Handler 00000050

Symbol: UARTRX_Handler
   Definitions
      At line 195 in file ..\Software\no_camera_new\startup_CM3DS.s
   Uses
      At line 86 in file ..\Software\no_camera_new\startup_CM3DS.s
      At line 196 in file ..\Software\no_camera_new\startup_CM3DS.s

UARTTX_Handler 00000058

Symbol: UARTTX_Handler
   Definitions
      At line 203 in file ..\Software\no_camera_new\startup_CM3DS.s
   Uses
      At line 87 in file ..\Software\no_camera_new\startup_CM3DS.s
      At line 204 in file ..\Software\no_camera_new\startup_CM3DS.s

UsageFault_Handler 00000028

Symbol: UsageFault_Handler
   Definitions
      At line 154 in file ..\Software\no_camera_new\startup_CM3DS.s
   Uses
      At line 69 in file ..\Software\no_camera_new\startup_CM3DS.s
      At line 155 in file ..\Software\no_camera_new\startup_CM3DS.s

23 symbols



ARM Macro Assembler    Page 1 Alphabetic symbol ordering
Absolute symbols

Heap_Size 00008000

Symbol: Heap_Size
   Definitions
      At line 44 in file ..\Software\no_camera_new\startup_CM3DS.s
   Uses
      At line 48 in file ..\Software\no_camera_new\startup_CM3DS.s
Comment: Heap_Size used once
Stack_Size 00008000

Symbol: Stack_Size
   Definitions
      At line 33 in file ..\Software\no_camera_new\startup_CM3DS.s
   Uses
      At line 36 in file ..\Software\no_camera_new\startup_CM3DS.s
Comment: Stack_Size used once
__Vectors_Size 00000070

Symbol: __Vectors_Size
   Definitions
      At line 100 in file ..\Software\no_camera_new\startup_CM3DS.s
   Uses
      At line 61 in file ..\Software\no_camera_new\startup_CM3DS.s
Comment: __Vectors_Size used once
3 symbols



ARM Macro Assembler    Page 1 Alphabetic symbol ordering
External symbols

ACCConvDoneHandler 00000000

Symbol: ACCConvDoneHandler
   Definitions
      At line 221 in file ..\Software\no_camera_new\startup_CM3DS.s
   Uses
      At line 223 in file ..\Software\no_camera_new\startup_CM3DS.s
Comment: ACCConvDoneHandler used once
ACCNoFaceHandler 00000000

Symbol: ACCNoFaceHandler
   Definitions
      At line 229 in file ..\Software\no_camera_new\startup_CM3DS.s
   Uses
      At line 231 in file ..\Software\no_camera_new\startup_CM3DS.s
Comment: ACCNoFaceHandler used once
ACCReadResultsHandler 00000000

Symbol: ACCReadResultsHandler
   Definitions
      At line 237 in file ..\Software\no_camera_new\startup_CM3DS.s
   Uses
      At line 239 in file ..\Software\no_camera_new\startup_CM3DS.s
Comment: ACCReadResultsHandler used once
BusFaultHandler 00000000

Symbol: BusFaultHandler
   Definitions
      At line 148 in file ..\Software\no_camera_new\startup_CM3DS.s
   Uses
      At line 150 in file ..\Software\no_camera_new\startup_CM3DS.s
Comment: BusFaultHandler used once
DebugMonHandler 00000000

Symbol: DebugMonHandler
   Definitions
      At line 172 in file ..\Software\no_camera_new\startup_CM3DS.s
   Uses
      At line 174 in file ..\Software\no_camera_new\startup_CM3DS.s
Comment: DebugMonHandler used once
HardFaultHandler 00000000

Symbol: HardFaultHandler
   Definitions
      At line 132 in file ..\Software\no_camera_new\startup_CM3DS.s
   Uses
      At line 134 in file ..\Software\no_camera_new\startup_CM3DS.s
Comment: HardFaultHandler used once
Key0Handler 00000000

Symbol: Key0Handler
   Definitions
      At line 250 in file ..\Software\no_camera_new\startup_CM3DS.s
   Uses
      At line 252 in file ..\Software\no_camera_new\startup_CM3DS.s
Comment: Key0Handler used once
Key1Handler 00000000

Symbol: Key1Handler



ARM Macro Assembler    Page 2 Alphabetic symbol ordering
External symbols

   Definitions
      At line 258 in file ..\Software\no_camera_new\startup_CM3DS.s
   Uses
      At line 260 in file ..\Software\no_camera_new\startup_CM3DS.s
Comment: Key1Handler used once
Key2Handler 00000000

Symbol: Key2Handler
   Definitions
      At line 266 in file ..\Software\no_camera_new\startup_CM3DS.s
   Uses
      At line 268 in file ..\Software\no_camera_new\startup_CM3DS.s
Comment: Key2Handler used once
Key3Handler 00000000

Symbol: Key3Handler
   Definitions
      At line 274 in file ..\Software\no_camera_new\startup_CM3DS.s
   Uses
      At line 276 in file ..\Software\no_camera_new\startup_CM3DS.s
Comment: Key3Handler used once
MemManageHandler 00000000

Symbol: MemManageHandler
   Definitions
      At line 140 in file ..\Software\no_camera_new\startup_CM3DS.s
   Uses
      At line 142 in file ..\Software\no_camera_new\startup_CM3DS.s
Comment: MemManageHandler used once
NMIHandler 00000000

Symbol: NMIHandler
   Definitions
      At line 124 in file ..\Software\no_camera_new\startup_CM3DS.s
   Uses
      At line 126 in file ..\Software\no_camera_new\startup_CM3DS.s
Comment: NMIHandler used once
PendSVHandler 00000000

Symbol: PendSVHandler
   Definitions
      At line 180 in file ..\Software\no_camera_new\startup_CM3DS.s
   Uses
      At line 182 in file ..\Software\no_camera_new\startup_CM3DS.s
Comment: PendSVHandler used once
ResizerDoneHandler 00000000

Symbol: ResizerDoneHandler
   Definitions
      At line 282 in file ..\Software\no_camera_new\startup_CM3DS.s
   Uses
      At line 284 in file ..\Software\no_camera_new\startup_CM3DS.s
Comment: ResizerDoneHandler used once
SVCHandler 00000000

Symbol: SVCHandler
   Definitions
      At line 164 in file ..\Software\no_camera_new\startup_CM3DS.s
   Uses



ARM Macro Assembler    Page 3 Alphabetic symbol ordering
External symbols

      At line 166 in file ..\Software\no_camera_new\startup_CM3DS.s
Comment: SVCHandler used once
SysTickHandler 00000000

Symbol: SysTickHandler
   Definitions
      At line 188 in file ..\Software\no_camera_new\startup_CM3DS.s
   Uses
      At line 190 in file ..\Software\no_camera_new\startup_CM3DS.s
Comment: SysTickHandler used once
SystemInit 00000000

Symbol: SystemInit
   Definitions
      At line 109 in file ..\Software\no_camera_new\startup_CM3DS.s
   Uses
      At line 112 in file ..\Software\no_camera_new\startup_CM3DS.s
Comment: SystemInit used once
UARTOVRHandler 00000000

Symbol: UARTOVRHandler
   Definitions
      At line 213 in file ..\Software\no_camera_new\startup_CM3DS.s
   Uses
      At line 215 in file ..\Software\no_camera_new\startup_CM3DS.s
Comment: UARTOVRHandler used once
UARTRXHandler 00000000

Symbol: UARTRXHandler
   Definitions
      At line 197 in file ..\Software\no_camera_new\startup_CM3DS.s
   Uses
      At line 199 in file ..\Software\no_camera_new\startup_CM3DS.s
Comment: UARTRXHandler used once
UARTTXHandler 00000000

Symbol: UARTTXHandler
   Definitions
      At line 205 in file ..\Software\no_camera_new\startup_CM3DS.s
   Uses
      At line 207 in file ..\Software\no_camera_new\startup_CM3DS.s
Comment: UARTTXHandler used once
UsageFaultHandler 00000000

Symbol: UsageFaultHandler
   Definitions
      At line 156 in file ..\Software\no_camera_new\startup_CM3DS.s
   Uses
      At line 158 in file ..\Software\no_camera_new\startup_CM3DS.s
Comment: UsageFaultHandler used once
__main 00000000

Symbol: __main
   Definitions
      At line 110 in file ..\Software\no_camera_new\startup_CM3DS.s
   Uses
      At line 114 in file ..\Software\no_camera_new\startup_CM3DS.s
Comment: __main used once
22 symbols



ARM Macro Assembler    Page 4 Alphabetic symbol ordering
External symbols

393 symbols in table
